21:38:50 could not insert: [QLSV.Core.Domain.Khoa][SQL: INSERT INTO Khoa (MaKhoa, TenKhoa) VALUES (?, ?); select SCOPE_IDENTITY()]
NHibernate
   at NHibernate.Id.Insert.AbstractReturningDelegate.PerformInsert(SqlCommandInfo insertSQL, ISessionImplementor session, IBinder binder) in n:\nhibernate-core\src\NHibernate\Id\Insert\AbstractReturningDelegate.cs:line 51
   at NHibernate.Persister.Entity.AbstractEntityPersister.Insert(Object[] fields, Boolean[] notNull, SqlCommandInfo sql, Object obj, ISessionImplementor session) in n:\nhibernate-core\src\NHibernate\Persister\Entity\AbstractEntityPersister.cs:line 2573
   at NHibernate.Persister.Entity.AbstractEntityPersister.Insert(Object[] fields, Object obj, ISessionImplementor session) in n:\nhibernate-core\src\NHibernate\Persister\Entity\AbstractEntityPersister.cs:line 3033
   at NHibernate.Action.EntityIdentityInsertAction.Execute() in n:\nhibernate-core\src\NHibernate\Action\EntityIdentityInsertAction.cs:line 75
   at NHibernate.Engine.ActionQueue.Execute(IExecutable executable) in n:\nhibernate-core\src\NHibernate\Engine\ActionQueue.cs:line 135
   at NHibernate.Event.Default.AbstractSaveEventListener.PerformSaveOrReplicate(Object entity, EntityKey key, IEntityPersister persister, Boolean useIdentityColumn, Object anything, IEventSource source, Boolean requiresImmediateIdAccess) in n:\nhibernate-core\src\NHibernate\Event\Default\AbstractSaveEventListener.cs:line 259
   at NHibernate.Event.Default.AbstractSaveEventListener.PerformSave(Object entity, Object id, IEntityPersister persister, Boolean useIdentityColumn, Object anything, IEventSource source, Boolean requiresImmediateIdAccess) in n:\nhibernate-core\src\NHibernate\Event\Default\AbstractSaveEventListener.cs:line 187
   at NHibernate.Event.Default.AbstractSaveEventListener.SaveWithGeneratedId(Object entity, String entityName, Object anything, IEventSource source, Boolean requiresImmediateIdAccess) in n:\nhibernate-core\src\NHibernate\Event\Default\AbstractSaveEventListener.cs:line 119
   at NHibernate.Event.Default.DefaultSaveOrUpdateEventListener.SaveWithGeneratedOrRequestedId(SaveOrUpdateEvent event) in n:\nhibernate-core\src\NHibernate\Event\Default\DefaultSaveOrUpdateEventListener.cs:line 164
   at NHibernate.Event.Default.DefaultSaveOrUpdateEventListener.EntityIsTransient(SaveOrUpdateEvent event) in n:\nhibernate-core\src\NHibernate\Event\Default\DefaultSaveOrUpdateEventListener.cs:line 148
   at NHibernate.Event.Default.DefaultSaveEventListener.PerformSaveOrUpdate(SaveOrUpdateEvent event) in n:\nhibernate-core\src\NHibernate\Event\Default\DefaultSaveEventListener.cs:line 21
   at NHibernate.Event.Default.DefaultSaveOrUpdateEventListener.OnSaveOrUpdate(SaveOrUpdateEvent event) in n:\nhibernate-core\src\NHibernate\Event\Default\DefaultSaveOrUpdateEventListener.cs:line 53
   at NHibernate.Impl.SessionImpl.FireSave(SaveOrUpdateEvent event) in n:\nhibernate-core\src\NHibernate\Impl\SessionImpl.cs:line 2533
   at NHibernate.Impl.SessionImpl.Save(Object obj) in n:\nhibernate-core\src\NHibernate\Impl\SessionImpl.cs:line 489
   at QLSV.Core.Service.QuanlysinhvienSevice.Them[T](IEnumerable`1 list) in D:\HocTap\DoAnTN\QLSV\QLSV.Core\Service\QueryStringSerice.cs:line 53System.Object PerformInsert(NHibernate.SqlCommand.SqlCommandInfo, NHibernate.Engine.ISessionImplementor, NHibernate.Id.Insert.IBinder)System.Data.SqlClient.SqlException (0x80131904): Violation of UNIQUE KEY constraint 'UQ_MaKhoa'. Cannot insert duplicate key in object 'dbo.Khoa'.
The statement has been terminated.
   at System.Data.SqlClient.SqlConnection.OnError(SqlException exception, Boolean breakConnection, Action`1 wrapCloseInAction)
   at System.Data.SqlClient.SqlInternalConnection.OnError(SqlException exception, Boolean breakConnection, Action`1 wrapCloseInAction)
   at System.Data.SqlClient.TdsParser.ThrowExceptionAndWarning(TdsParserStateObject stateObj, Boolean callerHasConnectionLock, Boolean asyncClose)
   at System.Data.SqlClient.TdsParser.TryRun(RunBehavior runBehavior, SqlCommand cmdHandler, SqlDataReader dataStream, BulkCopySimpleResultSet bulkCopyHandler, TdsParserStateObject stateObj, Boolean& dataReady)
   at System.Data.SqlClient.SqlDataReader.TryConsumeMetaData()
   at System.Data.SqlClient.SqlDataReader.get_MetaData()
   at System.Data.SqlClient.SqlCommand.FinishExecuteReader(SqlDataReader ds, RunBehavior runBehavior, String resetOptionsString)
   at System.Data.SqlClient.SqlCommand.RunExecuteReaderTds(CommandBehavior cmdBehavior, RunBehavior runBehavior, Boolean returnStream, Boolean async, Int32 timeout, Task& task, Boolean asyncWrite, SqlDataReader ds)
   at System.Data.SqlClient.SqlCommand.RunExecuteReader(CommandBehavior cmdBehavior, RunBehavior runBehavior, Boolean returnStream, String method, TaskCompletionSource`1 completion, Int32 timeout, Task& task, Boolean asyncWrite)
   at System.Data.SqlClient.SqlCommand.RunExecuteReader(CommandBehavior cmdBehavior, RunBehavior runBehavior, Boolean returnStream, String method)
   at System.Data.SqlClient.SqlCommand.ExecuteReader(CommandBehavior behavior, String method)
   at System.Data.SqlClient.SqlCommand.ExecuteDbDataReader(CommandBehavior behavior)
   at System.Data.Common.DbCommand.System.Data.IDbCommand.ExecuteReader()
   at NHibernate.AdoNet.AbstractBatcher.ExecuteReader(IDbCommand cmd) in n:\nhibernate-core\src\NHibernate\AdoNet\AbstractBatcher.cs:line 228
   at NHibernate.Id.IdentityGenerator.InsertSelectDelegate.ExecuteAndExtract(IDbCommand insert, ISessionImplementor session) in n:\nhibernate-core\src\NHibernate\Id\IdentityGenerator.cs:line 74
   at NHibernate.Id.Insert.AbstractReturningDelegate.PerformInsert(SqlCommandInfo insertSQL, ISessionImplementor session, IBinder binder) in n:\nhibernate-core\src\NHibernate\Id\Insert\AbstractReturningDelegate.cs:line 42
ClientConnectionId:0d416e62-021d-41bb-8c57-8f5acfd83c26
22:03:45 Key not found
Parameter name: key
Infragistics2.Shared.v12.1
   at Infragistics.Shared.KeyedSubObjectsCollectionBase.GetItem(String key)
   at Infragistics.Win.UltraWinGrid.ColumnsCollection.get_Item(String key)
   at QLSV.Frm.Frm.FrmDanhmuclop.uG_DanhSach_InitializeLayout(Object sender, InitializeLayoutEventArgs e) in D:\HocTap\DoAnTN\QLSV\QLSV.Frm\Frm\FrmDanhmuclop.cs:line 235Infragistics.Shared.IKeyedSubObject GetItem(System.String)
22:26:16 No persister for: QLSV.Core.Domain.PhongThi
NHibernate
   at NHibernate.Impl.SessionFactoryImpl.GetEntityPersister(String entityName) in n:\nhibernate-core\src\NHibernate\Impl\SessionFactoryImpl.cs:line 507
   at NHibernate.Impl.SessionImpl.GetEntityPersister(String entityName, Object obj) in n:\nhibernate-core\src\NHibernate\Impl\SessionImpl.cs:line 2621
   at NHibernate.Event.Default.AbstractSaveEventListener.SaveWithGeneratedId(Object entity, String entityName, Object anything, IEventSource source, Boolean requiresImmediateIdAccess) in n:\nhibernate-core\src\NHibernate\Event\Default\AbstractSaveEventListener.cs:line 107
   at NHibernate.Event.Default.DefaultSaveOrUpdateEventListener.SaveWithGeneratedOrRequestedId(SaveOrUpdateEvent event) in n:\nhibernate-core\src\NHibernate\Event\Default\DefaultSaveOrUpdateEventListener.cs:line 164
   at NHibernate.Event.Default.DefaultSaveOrUpdateEventListener.EntityIsTransient(SaveOrUpdateEvent event) in n:\nhibernate-core\src\NHibernate\Event\Default\DefaultSaveOrUpdateEventListener.cs:line 148
   at NHibernate.Event.Default.DefaultSaveEventListener.PerformSaveOrUpdate(SaveOrUpdateEvent event) in n:\nhibernate-core\src\NHibernate\Event\Default\DefaultSaveEventListener.cs:line 21
   at NHibernate.Event.Default.DefaultSaveOrUpdateEventListener.OnSaveOrUpdate(SaveOrUpdateEvent event) in n:\nhibernate-core\src\NHibernate\Event\Default\DefaultSaveOrUpdateEventListener.cs:line 53
   at NHibernate.Impl.SessionImpl.FireSave(SaveOrUpdateEvent event) in n:\nhibernate-core\src\NHibernate\Impl\SessionImpl.cs:line 2533
   at NHibernate.Impl.SessionImpl.Save(Object obj) in n:\nhibernate-core\src\NHibernate\Impl\SessionImpl.cs:line 489
   at QLSV.Core.Service.QuanlysinhvienSevice.Them[T](IEnumerable`1 list) in D:\HocTap\DoAnTN\QLSV\QLSV.Core\Service\QueryStringSerice.cs:line 53NHibernate.Persister.Entity.IEntityPersister GetEntityPersister(System.String)
22:26:22 No persister for: QLSV.Core.Domain.PhongThi
NHibernate
   at NHibernate.Impl.SessionFactoryImpl.GetEntityPersister(String entityName) in n:\nhibernate-core\src\NHibernate\Impl\SessionFactoryImpl.cs:line 507
   at NHibernate.Impl.SessionImpl.GetEntityPersister(String entityName, Object obj) in n:\nhibernate-core\src\NHibernate\Impl\SessionImpl.cs:line 2621
   at NHibernate.Event.Default.AbstractSaveEventListener.SaveWithGeneratedId(Object entity, String entityName, Object anything, IEventSource source, Boolean requiresImmediateIdAccess) in n:\nhibernate-core\src\NHibernate\Event\Default\AbstractSaveEventListener.cs:line 107
   at NHibernate.Event.Default.DefaultSaveOrUpdateEventListener.SaveWithGeneratedOrRequestedId(SaveOrUpdateEvent event) in n:\nhibernate-core\src\NHibernate\Event\Default\DefaultSaveOrUpdateEventListener.cs:line 164
   at NHibernate.Event.Default.DefaultSaveOrUpdateEventListener.EntityIsTransient(SaveOrUpdateEvent event) in n:\nhibernate-core\src\NHibernate\Event\Default\DefaultSaveOrUpdateEventListener.cs:line 148
   at NHibernate.Event.Default.DefaultSaveEventListener.PerformSaveOrUpdate(SaveOrUpdateEvent event) in n:\nhibernate-core\src\NHibernate\Event\Default\DefaultSaveEventListener.cs:line 21
   at NHibernate.Event.Default.DefaultSaveOrUpdateEventListener.OnSaveOrUpdate(SaveOrUpdateEvent event) in n:\nhibernate-core\src\NHibernate\Event\Default\DefaultSaveOrUpdateEventListener.cs:line 53
   at NHibernate.Impl.SessionImpl.FireSave(SaveOrUpdateEvent event) in n:\nhibernate-core\src\NHibernate\Impl\SessionImpl.cs:line 2533
   at NHibernate.Impl.SessionImpl.Save(Object obj) in n:\nhibernate-core\src\NHibernate\Impl\SessionImpl.cs:line 489
   at QLSV.Core.Service.QuanlysinhvienSevice.Them[T](IEnumerable`1 list) in D:\HocTap\DoAnTN\QLSV\QLSV.Core\Service\QueryStringSerice.cs:line 53NHibernate.Persister.Entity.IEntityPersister GetEntityPersister(System.String)
22:30:56 No persister for: QLSV.Core.Domain.PhongThi
NHibernate
   at NHibernate.Impl.SessionFactoryImpl.GetEntityPersister(String entityName) in n:\nhibernate-core\src\NHibernate\Impl\SessionFactoryImpl.cs:line 507
   at NHibernate.Impl.SessionImpl.GetEntityPersister(String entityName, Object obj) in n:\nhibernate-core\src\NHibernate\Impl\SessionImpl.cs:line 2621
   at NHibernate.Event.Default.AbstractSaveEventListener.SaveWithGeneratedId(Object entity, String entityName, Object anything, IEventSource source, Boolean requiresImmediateIdAccess) in n:\nhibernate-core\src\NHibernate\Event\Default\AbstractSaveEventListener.cs:line 107
   at NHibernate.Event.Default.DefaultSaveOrUpdateEventListener.SaveWithGeneratedOrRequestedId(SaveOrUpdateEvent event) in n:\nhibernate-core\src\NHibernate\Event\Default\DefaultSaveOrUpdateEventListener.cs:line 164
   at NHibernate.Event.Default.DefaultSaveOrUpdateEventListener.EntityIsTransient(SaveOrUpdateEvent event) in n:\nhibernate-core\src\NHibernate\Event\Default\DefaultSaveOrUpdateEventListener.cs:line 148
   at NHibernate.Event.Default.DefaultSaveEventListener.PerformSaveOrUpdate(SaveOrUpdateEvent event) in n:\nhibernate-core\src\NHibernate\Event\Default\DefaultSaveEventListener.cs:line 21
   at NHibernate.Event.Default.DefaultSaveOrUpdateEventListener.OnSaveOrUpdate(SaveOrUpdateEvent event) in n:\nhibernate-core\src\NHibernate\Event\Default\DefaultSaveOrUpdateEventListener.cs:line 53
   at NHibernate.Impl.SessionImpl.FireSave(SaveOrUpdateEvent event) in n:\nhibernate-core\src\NHibernate\Impl\SessionImpl.cs:line 2533
   at NHibernate.Impl.SessionImpl.Save(Object obj) in n:\nhibernate-core\src\NHibernate\Impl\SessionImpl.cs:line 489
   at QLSV.Core.Service.QuanlysinhvienSevice.Them[T](IEnumerable`1 list) in D:\HocTap\DoAnTN\QLSV\QLSV.Core\Service\QueryStringSerice.cs:line 53NHibernate.Persister.Entity.IEntityPersister GetEntityPersister(System.String)
