09:18:56 Input string was not in a correct format.
mscorlib
   at System.Number.StringToNumber(String str, NumberStyles options, NumberBuffer& number, NumberFormatInfo info, Boolean parseDecimal)
   at System.Number.ParseInt32(String s, NumberStyles style, NumberFormatInfo info)
   at System.Int32.Parse(String s)
   at QLSV.Frm.Frm.FrmQuanLyKyThi.uG_DanhSach_AfterExitEditMode(Object sender, EventArgs e) in D:\HocTap\DoAnTN\QLSV\QLSV.Frm\Frm\FrmQuanLyKyThi.cs:line 213Void StringToNumber(System.String, System.Globalization.NumberStyles, NumberBuffer ByRef, System.Globalization.NumberFormatInfo, Boolean)
10:36:18 Could not execute query[SQL: SQL not available]
NHibernate
   at NHibernate.Impl.SessionImpl.List(IQueryExpression queryExpression, QueryParameters queryParameters, IList results) in n:\nhibernate-core\src\NHibernate\Impl\SessionImpl.cs:line 638
   at NHibernate.Impl.AbstractSessionImpl.List[T](IQueryExpression query, QueryParameters parameters) in n:\nhibernate-core\src\NHibernate\Impl\AbstractSessionImpl.cs:line 135
   at NHibernate.Impl.AbstractQueryImpl2.List[T]() in n:\nhibernate-core\src\NHibernate\Impl\AbstractQueryImpl2.cs:line 111
   at QLSV.Core.Service.QuanlysinhvienSevice.LoadKhoa() in D:\HocTap\DoAnTN\QLSV\QLSV.Core\Service\KhoaService.cs:line 17Void List(NHibernate.IQueryExpression, NHibernate.Engine.QueryParameters, System.Collections.IList)System.ArgumentException: The value "System.Object[]" is not of type "QLSV.Core.Domain.Khoa" and cannot be used in this generic collection.
Parameter name: value
   at System.ThrowHelper.ThrowWrongValueTypeArgumentException(Object value, Type targetType)
   at System.Collections.Generic.List`1.System.Collections.IList.Add(Object item)
   at NHibernate.Util.ArrayHelper.AddAll(IList to, IList from) in n:\nhibernate-core\src\NHibernate\Util\ArrayHelper.cs:line 130
   at NHibernate.Engine.Query.HQLQueryPlan.PerformList(QueryParameters queryParameters, ISessionImplementor session, IList results) in n:\nhibernate-core\src\NHibernate\Engine\Query\HQLQueryPlan.cs:line 149
   at NHibernate.Impl.SessionImpl.List(IQueryExpression queryExpression, QueryParameters queryParameters, IList results) in n:\nhibernate-core\src\NHibernate\Impl\SessionImpl.cs:line 628
10:36:45 Could not execute query[SQL: SQL not available]
NHibernate
   at NHibernate.Impl.SessionImpl.List(IQueryExpression queryExpression, QueryParameters queryParameters, IList results) in n:\nhibernate-core\src\NHibernate\Impl\SessionImpl.cs:line 638
   at NHibernate.Impl.AbstractSessionImpl.List[T](IQueryExpression query, QueryParameters parameters) in n:\nhibernate-core\src\NHibernate\Impl\AbstractSessionImpl.cs:line 135
   at NHibernate.Impl.AbstractQueryImpl2.List[T]() in n:\nhibernate-core\src\NHibernate\Impl\AbstractQueryImpl2.cs:line 111
   at QLSV.Core.Service.QuanlysinhvienSevice.LoadKhoa() in D:\HocTap\DoAnTN\QLSV\QLSV.Core\Service\KhoaService.cs:line 17Void List(NHibernate.IQueryExpression, NHibernate.Engine.QueryParameters, System.Collections.IList)System.ArgumentException: The value "System.Object[]" is not of type "QLSV.Core.Domain.Khoa" and cannot be used in this generic collection.
Parameter name: value
   at System.ThrowHelper.ThrowWrongValueTypeArgumentException(Object value, Type targetType)
   at System.Collections.Generic.List`1.System.Collections.IList.Add(Object item)
   at NHibernate.Util.ArrayHelper.AddAll(IList to, IList from) in n:\nhibernate-core\src\NHibernate\Util\ArrayHelper.cs:line 130
   at NHibernate.Engine.Query.HQLQueryPlan.PerformList(QueryParameters queryParameters, ISessionImplementor session, IList results) in n:\nhibernate-core\src\NHibernate\Engine\Query\HQLQueryPlan.cs:line 149
   at NHibernate.Impl.SessionImpl.List(IQueryExpression queryExpression, QueryParameters queryParameters, IList results) in n:\nhibernate-core\src\NHibernate\Impl\SessionImpl.cs:line 628
10:36:49 Could not execute query[SQL: SQL not available]
NHibernate
   at NHibernate.Impl.SessionImpl.List(IQueryExpression queryExpression, QueryParameters queryParameters, IList results) in n:\nhibernate-core\src\NHibernate\Impl\SessionImpl.cs:line 638
   at NHibernate.Impl.AbstractSessionImpl.List[T](IQueryExpression query, QueryParameters parameters) in n:\nhibernate-core\src\NHibernate\Impl\AbstractSessionImpl.cs:line 135
   at NHibernate.Impl.AbstractQueryImpl2.List[T]() in n:\nhibernate-core\src\NHibernate\Impl\AbstractQueryImpl2.cs:line 111
   at QLSV.Core.Service.QuanlysinhvienSevice.LoadKhoa() in D:\HocTap\DoAnTN\QLSV\QLSV.Core\Service\KhoaService.cs:line 17Void List(NHibernate.IQueryExpression, NHibernate.Engine.QueryParameters, System.Collections.IList)System.ArgumentException: The value "System.Object[]" is not of type "QLSV.Core.Domain.Khoa" and cannot be used in this generic collection.
Parameter name: value
   at System.ThrowHelper.ThrowWrongValueTypeArgumentException(Object value, Type targetType)
   at System.Collections.Generic.List`1.System.Collections.IList.Add(Object item)
   at NHibernate.Util.ArrayHelper.AddAll(IList to, IList from) in n:\nhibernate-core\src\NHibernate\Util\ArrayHelper.cs:line 130
   at NHibernate.Engine.Query.HQLQueryPlan.PerformList(QueryParameters queryParameters, ISessionImplementor session, IList results) in n:\nhibernate-core\src\NHibernate\Engine\Query\HQLQueryPlan.cs:line 149
   at NHibernate.Impl.SessionImpl.List(IQueryExpression queryExpression, QueryParameters queryParameters, IList results) in n:\nhibernate-core\src\NHibernate\Impl\SessionImpl.cs:line 628
10:42:01 Could not execute query[SQL: SQL not available]
NHibernate
   at NHibernate.Impl.SessionImpl.List(IQueryExpression queryExpression, QueryParameters queryParameters, IList results) in n:\nhibernate-core\src\NHibernate\Impl\SessionImpl.cs:line 638
   at NHibernate.Impl.AbstractSessionImpl.List[T](IQueryExpression query, QueryParameters parameters) in n:\nhibernate-core\src\NHibernate\Impl\AbstractSessionImpl.cs:line 135
   at NHibernate.Impl.AbstractQueryImpl2.List[T]() in n:\nhibernate-core\src\NHibernate\Impl\AbstractQueryImpl2.cs:line 111
   at QLSV.Core.Service.QuanlysinhvienSevice.LoadKhoa() in D:\HocTap\DoAnTN\QLSV\QLSV.Core\Service\KhoaService.cs:line 16Void List(NHibernate.IQueryExpression, NHibernate.Engine.QueryParameters, System.Collections.IList)System.ArgumentException: The value "System.Object[]" is not of type "QLSV.Core.Domain.Khoa" and cannot be used in this generic collection.
Parameter name: value
   at System.ThrowHelper.ThrowWrongValueTypeArgumentException(Object value, Type targetType)
   at System.Collections.Generic.List`1.System.Collections.IList.Add(Object item)
   at NHibernate.Util.ArrayHelper.AddAll(IList to, IList from) in n:\nhibernate-core\src\NHibernate\Util\ArrayHelper.cs:line 130
   at NHibernate.Engine.Query.HQLQueryPlan.PerformList(QueryParameters queryParameters, ISessionImplementor session, IList results) in n:\nhibernate-core\src\NHibernate\Engine\Query\HQLQueryPlan.cs:line 149
   at NHibernate.Impl.SessionImpl.List(IQueryExpression queryExpression, QueryParameters queryParameters, IList results) in n:\nhibernate-core\src\NHibernate\Impl\SessionImpl.cs:line 628
10:55:41 Key not found
Parameter name: key
Infragistics2.Shared.v12.1
   at Infragistics.Shared.KeyedSubObjectsCollectionBase.GetItem(String key)
   at Infragistics.Win.UltraWinGrid.ColumnsCollection.get_Item(String key)
   at Infragistics.Win.UltraWinGrid.CellsCollection.GetItem(String key)
   at Infragistics.Win.UltraWinGrid.CellsCollection.get_Item(String key)
   at Infragistics.Win.UltraWinGrid.UltraCombo.SelectedItemChangeHelper(ComboSelectedItemChangeContext context, Object newData)
   at Infragistics.Win.UltraWinGrid.UltraCombo.OnActiveRowChange(UltraGridRow newActiveRow, Boolean scrollIntoView)
   at Infragistics.Win.UltraWinGrid.UltraGridBase.SetActiveRow(UltraGridRow row, Boolean scrollIntoView)
   at Infragistics.Win.UltraWinGrid.UltraGridBase.set_ActiveRow(UltraGridRow value)
   at Infragistics.Win.UltraWinGrid.UltraDropDownBase.Infragistics.Win.ISelectionManager.ActivateItem(ISelectableItem item)
   at Infragistics.Win.SelectionStrategySingle.OnMouseDown(ISelectableItem item, MouseMessageInfo& msginfo, Boolean forceDrag)
   at Infragistics.Win.SelectionStrategySingle.OnMouseDown(ISelectableItem item, MouseMessageInfo& msginfo)
   at Infragistics.Win.SelectionStrategySingle.OnMouseMessage(ISelectableItem item, MouseMessageInfo& msginfo)
   at Infragistics.Win.ControlUIElementBase.ProcessMouseDownHelper(Object sender, MouseEventArgs e)
   at Infragistics.Win.ControlUIElementBase.ProcessMouseDown(Object sender, MouseEventArgs e)
   at System.Windows.Forms.Control.OnMouseDown(MouseEventArgs e)
   at System.Windows.Forms.Control.WmMouseDown(Message& m, MouseButtons button, Int32 clicks)
   at System.Windows.Forms.Control.WndProc(Message& m)
   at System.Windows.Forms.Control.ControlNativeWindow.OnMessage(Message& m)
   at System.Windows.Forms.Control.ControlNativeWindow.WndProc(Message& m)
   at System.Windows.Forms.NativeWindow.DebuggableCallback(IntPtr hWnd, Int32 msg, IntPtr wparam, IntPtr lparam)
   at System.Windows.Forms.UnsafeNativeMethods.DispatchMessageW(MSG& msg)
   at System.Windows.Forms.Application.ComponentManager.System.Windows.Forms.UnsafeNativeMethods.IMsoComponentManager.FPushMessageLoop(IntPtr dwComponentID, Int32 reason, Int32 pvLoopData)
   at System.Windows.Forms.Application.ThreadContext.RunMessageLoopInner(Int32 reason, ApplicationContext context)
   at System.Windows.Forms.Application.ThreadContext.RunMessageLoop(Int32 reason, ApplicationContext context)
   at System.Windows.Forms.Application.RunDialog(Form form)
   at System.Windows.Forms.Form.ShowDialog(IWin32Window owner)
   at System.Windows.Forms.Form.ShowDialog()
   at QLSV.Frm.FrmMain.ChonChucNang(String strChucNang) in D:\HocTap\DoAnTN\QLSV\QLSV.Frm\frmMain.cs:line 107Infragistics.Shared.IKeyedSubObject GetItem(System.String)
