14:10:59 could not insert: [QLSV.Core.Domain.Taikhoan][SQL: INSERT INTO Taikhoan (TaiKhoan, MatKhau, HoTen, Quyen) VALUES (?, ?, ?, ?); select SCOPE_IDENTITY()]
NHibernate
   at NHibernate.Id.Insert.AbstractReturningDelegate.PerformInsert(SqlCommandInfo insertSQL, ISessionImplementor session, IBinder binder) in n:\nhibernate-core\src\NHibernate\Id\Insert\AbstractReturningDelegate.cs:line 51
   at NHibernate.Persister.Entity.AbstractEntityPersister.Insert(Object[] fields, Boolean[] notNull, SqlCommandInfo sql, Object obj, ISessionImplementor session) in n:\nhibernate-core\src\NHibernate\Persister\Entity\AbstractEntityPersister.cs:line 2573
   at NHibernate.Persister.Entity.AbstractEntityPersister.Insert(Object[] fields, Object obj, ISessionImplementor session) in n:\nhibernate-core\src\NHibernate\Persister\Entity\AbstractEntityPersister.cs:line 3033
   at NHibernate.Action.EntityIdentityInsertAction.Execute() in n:\nhibernate-core\src\NHibernate\Action\EntityIdentityInsertAction.cs:line 75
   at NHibernate.Engine.ActionQueue.Execute(IExecutable executable) in n:\nhibernate-core\src\NHibernate\Engine\ActionQueue.cs:line 135
   at NHibernate.Event.Default.AbstractSaveEventListener.PerformSaveOrReplicate(Object entity, EntityKey key, IEntityPersister persister, Boolean useIdentityColumn, Object anything, IEventSource source, Boolean requiresImmediateIdAccess) in n:\nhibernate-core\src\NHibernate\Event\Default\AbstractSaveEventListener.cs:line 259
   at NHibernate.Event.Default.AbstractSaveEventListener.PerformSave(Object entity, Object id, IEntityPersister persister, Boolean useIdentityColumn, Object anything, IEventSource source, Boolean requiresImmediateIdAccess) in n:\nhibernate-core\src\NHibernate\Event\Default\AbstractSaveEventListener.cs:line 187
   at NHibernate.Event.Default.AbstractSaveEventListener.SaveWithGeneratedId(Object entity, String entityName, Object anything, IEventSource source, Boolean requiresImmediateIdAccess) in n:\nhibernate-core\src\NHibernate\Event\Default\AbstractSaveEventListener.cs:line 119
   at NHibernate.Event.Default.DefaultSaveOrUpdateEventListener.SaveWithGeneratedOrRequestedId(SaveOrUpdateEvent event) in n:\nhibernate-core\src\NHibernate\Event\Default\DefaultSaveOrUpdateEventListener.cs:line 164
   at NHibernate.Event.Default.DefaultSaveOrUpdateEventListener.EntityIsTransient(SaveOrUpdateEvent event) in n:\nhibernate-core\src\NHibernate\Event\Default\DefaultSaveOrUpdateEventListener.cs:line 148
   at NHibernate.Event.Default.DefaultSaveEventListener.PerformSaveOrUpdate(SaveOrUpdateEvent event) in n:\nhibernate-core\src\NHibernate\Event\Default\DefaultSaveEventListener.cs:line 21
   at NHibernate.Event.Default.DefaultSaveOrUpdateEventListener.OnSaveOrUpdate(SaveOrUpdateEvent event) in n:\nhibernate-core\src\NHibernate\Event\Default\DefaultSaveOrUpdateEventListener.cs:line 53
   at NHibernate.Impl.SessionImpl.FireSave(SaveOrUpdateEvent event) in n:\nhibernate-core\src\NHibernate\Impl\SessionImpl.cs:line 2533
   at NHibernate.Impl.SessionImpl.Save(Object obj) in n:\nhibernate-core\src\NHibernate\Impl\SessionImpl.cs:line 489
   at QLSV.Core.Service.QuanlysinhvienSevice.Them[T](IEnumerable`1 list) in C:\Users\pc\Desktop\QLSV\QLSV.Core\Service\QueryStringSerice.cs:line 53System.Object PerformInsert(NHibernate.SqlCommand.SqlCommandInfo, NHibernate.Engine.ISessionImplementor, NHibernate.Id.Insert.IBinder)System.Data.SqlClient.SqlException (0x80131904): Violation of UNIQUE KEY constraint 'UQ_TaiKhoan'. Cannot insert duplicate key in object 'dbo.Taikhoan'.
The statement has been terminated.
   at System.Data.SqlClient.SqlConnection.OnError(SqlException exception, Boolean breakConnection, Action`1 wrapCloseInAction)
   at System.Data.SqlClient.SqlInternalConnection.OnError(SqlException exception, Boolean breakConnection, Action`1 wrapCloseInAction)
   at System.Data.SqlClient.TdsParser.ThrowExceptionAndWarning(TdsParserStateObject stateObj, Boolean callerHasConnectionLock, Boolean asyncClose)
   at System.Data.SqlClient.TdsParser.TryRun(RunBehavior runBehavior, SqlCommand cmdHandler, SqlDataReader dataStream, BulkCopySimpleResultSet bulkCopyHandler, TdsParserStateObject stateObj, Boolean& dataReady)
   at System.Data.SqlClient.SqlDataReader.TryConsumeMetaData()
   at System.Data.SqlClient.SqlDataReader.get_MetaData()
   at System.Data.SqlClient.SqlCommand.FinishExecuteReader(SqlDataReader ds, RunBehavior runBehavior, String resetOptionsString)
   at System.Data.SqlClient.SqlCommand.RunExecuteReaderTds(CommandBehavior cmdBehavior, RunBehavior runBehavior, Boolean returnStream, Boolean async, Int32 timeout, Task& task, Boolean asyncWrite, SqlDataReader ds)
   at System.Data.SqlClient.SqlCommand.RunExecuteReader(CommandBehavior cmdBehavior, RunBehavior runBehavior, Boolean returnStream, String method, TaskCompletionSource`1 completion, Int32 timeout, Task& task, Boolean asyncWrite)
   at System.Data.SqlClient.SqlCommand.RunExecuteReader(CommandBehavior cmdBehavior, RunBehavior runBehavior, Boolean returnStream, String method)
   at System.Data.SqlClient.SqlCommand.ExecuteReader(CommandBehavior behavior, String method)
   at System.Data.SqlClient.SqlCommand.ExecuteDbDataReader(CommandBehavior behavior)
   at System.Data.Common.DbCommand.System.Data.IDbCommand.ExecuteReader()
   at NHibernate.AdoNet.AbstractBatcher.ExecuteReader(IDbCommand cmd) in n:\nhibernate-core\src\NHibernate\AdoNet\AbstractBatcher.cs:line 228
   at NHibernate.Id.IdentityGenerator.InsertSelectDelegate.ExecuteAndExtract(IDbCommand insert, ISessionImplementor session) in n:\nhibernate-core\src\NHibernate\Id\IdentityGenerator.cs:line 74
   at NHibernate.Id.Insert.AbstractReturningDelegate.PerformInsert(SqlCommandInfo insertSQL, ISessionImplementor session, IBinder binder) in n:\nhibernate-core\src\NHibernate\Id\Insert\AbstractReturningDelegate.cs:line 42
ClientConnectionId:959602ea-524e-4b01-816e-bff0c09fbda6
14:15:12 String was not recognized as a valid DateTime.
mscorlib
   at System.DateTimeParse.Parse(String s, DateTimeFormatInfo dtfi, DateTimeStyles styles)
   at System.DateTime.Parse(String s)
   at QLSV.Frm.Frm.FrmQuanLyKyThi.Save() in C:\Users\pc\Desktop\QLSV\QLSV.Frm\Frm\FrmQuanLyKyThi.cs:line 105System.DateTime Parse(System.String, System.Globalization.DateTimeFormatInfo, System.Globalization.DateTimeStyles)
14:15:16 String was not recognized as a valid DateTime.
mscorlib
   at System.DateTimeParse.Parse(String s, DateTimeFormatInfo dtfi, DateTimeStyles styles)
   at System.DateTime.Parse(String s)
   at QLSV.Frm.Frm.FrmQuanLyKyThi.Save() in C:\Users\pc\Desktop\QLSV\QLSV.Frm\Frm\FrmQuanLyKyThi.cs:line 105System.DateTime Parse(System.String, System.Globalization.DateTimeFormatInfo, System.Globalization.DateTimeStyles)
14:16:47 String was not recognized as a valid DateTime.
mscorlib
   at System.DateTimeParse.Parse(String s, DateTimeFormatInfo dtfi, DateTimeStyles styles)
   at System.DateTime.Parse(String s)
   at QLSV.Frm.Frm.FrmQuanLyKyThi.Save() in C:\Users\pc\Desktop\QLSV\QLSV.Frm\Frm\FrmQuanLyKyThi.cs:line 105System.DateTime Parse(System.String, System.Globalization.DateTimeFormatInfo, System.Globalization.DateTimeStyles)
14:17:00 String was not recognized as a valid DateTime.
mscorlib
   at System.DateTimeParse.Parse(String s, DateTimeFormatInfo dtfi, DateTimeStyles styles)
   at System.DateTime.Parse(String s)
   at QLSV.Frm.Frm.FrmQuanLyKyThi.Save() in C:\Users\pc\Desktop\QLSV\QLSV.Frm\Frm\FrmQuanLyKyThi.cs:line 105System.DateTime Parse(System.String, System.Globalization.DateTimeFormatInfo, System.Globalization.DateTimeStyles)
16:20:09 Could not find a getter for property 'ID' in class 'QLSV.Core.Domain.Lop'
NHibernate
   at NHibernate.Properties.BasicPropertyAccessor.GetGetter(Type type, String propertyName) in n:\nhibernate-core\src\NHibernate\Properties\BasicPropertyAccessor.cs:line 35
   at NHibernate.Tuple.PropertyFactory.GetGetter(Property mappingProperty) in n:\nhibernate-core\src\NHibernate\Tuple\PropertyFactory.cs:line 147
   at NHibernate.Tuple.PropertyFactory.BuildIdentifierProperty(PersistentClass mappedEntity, IIdentifierGenerator generator) in n:\nhibernate-core\src\NHibernate\Tuple\PropertyFactory.cs:line 33
   at NHibernate.Tuple.Entity.EntityMetamodel..ctor(PersistentClass persistentClass, ISessionFactoryImplementor sessionFactory) in n:\nhibernate-core\src\NHibernate\Tuple\Entity\EntityMetamodel.cs:line 94
   at NHibernate.Persister.Entity.AbstractEntityPersister..ctor(PersistentClass persistentClass, ICacheConcurrencyStrategy cache, ISessionFactoryImplementor factory) in n:\nhibernate-core\src\NHibernate\Persister\Entity\AbstractEntityPersister.cs:line 268
   at NHibernate.Persister.Entity.SingleTableEntityPersister..ctor(PersistentClass persistentClass, ICacheConcurrencyStrategy cache, ISessionFactoryImplementor factory, IMapping mapping) in n:\nhibernate-core\src\NHibernate\Persister\Entity\SingleTableEntityPersister.cs:line 71
   at NHibernate.Persister.PersisterFactory.CreateClassPersister(PersistentClass model, ICacheConcurrencyStrategy cache, ISessionFactoryImplementor factory, IMapping cfg) in n:\nhibernate-core\src\NHibernate\Persister\PersisterFactory.cs:line 60
   at NHibernate.Impl.SessionFactoryImpl..ctor(Configuration cfg, IMapping mapping, Settings settings, EventListeners listeners) in n:\nhibernate-core\src\NHibernate\Impl\SessionFactoryImpl.cs:line 253
   at NHibernate.Cfg.Configuration.BuildSessionFactory() in n:\nhibernate-core\src\NHibernate\Cfg\Configuration.cs:line 1260
   at QLSV.Core.Service.QuanlysinhvienSevice.OpenSession() in C:\Users\pc\Desktop\QLSV\QLSV.Core\Service\QueryStringSerice.cs:line 22
   at QLSV.Core.Service.QuanlysinhvienSevice.KiemTraTaiKhoan(String id, String pass) in C:\Users\pc\Desktop\QLSV\QLSV.Core\Service\TaiKhoanService.cs:line 38NHibernate.Properties.IGetter GetGetter(System.Type, System.String)
16:20:11 Object reference not set to an instance of an object.
QLSV.Frm
   at QLSV.Frm.Frm.FrmDangNhap.Dangnhap() in C:\Users\pc\Desktop\QLSV\QLSV.Frm\Frm\FrmDangNhap.cs:line 88Void Dangnhap()
16:20:12 Could not find a getter for property 'ID' in class 'QLSV.Core.Domain.Lop'
NHibernate
   at NHibernate.Properties.BasicPropertyAccessor.GetGetter(Type type, String propertyName) in n:\nhibernate-core\src\NHibernate\Properties\BasicPropertyAccessor.cs:line 35
   at NHibernate.Tuple.PropertyFactory.GetGetter(Property mappingProperty) in n:\nhibernate-core\src\NHibernate\Tuple\PropertyFactory.cs:line 147
   at NHibernate.Tuple.PropertyFactory.BuildIdentifierProperty(PersistentClass mappedEntity, IIdentifierGenerator generator) in n:\nhibernate-core\src\NHibernate\Tuple\PropertyFactory.cs:line 33
   at NHibernate.Tuple.Entity.EntityMetamodel..ctor(PersistentClass persistentClass, ISessionFactoryImplementor sessionFactory) in n:\nhibernate-core\src\NHibernate\Tuple\Entity\EntityMetamodel.cs:line 94
   at NHibernate.Persister.Entity.AbstractEntityPersister..ctor(PersistentClass persistentClass, ICacheConcurrencyStrategy cache, ISessionFactoryImplementor factory) in n:\nhibernate-core\src\NHibernate\Persister\Entity\AbstractEntityPersister.cs:line 268
   at NHibernate.Persister.Entity.SingleTableEntityPersister..ctor(PersistentClass persistentClass, ICacheConcurrencyStrategy cache, ISessionFactoryImplementor factory, IMapping mapping) in n:\nhibernate-core\src\NHibernate\Persister\Entity\SingleTableEntityPersister.cs:line 71
   at NHibernate.Persister.PersisterFactory.CreateClassPersister(PersistentClass model, ICacheConcurrencyStrategy cache, ISessionFactoryImplementor factory, IMapping cfg) in n:\nhibernate-core\src\NHibernate\Persister\PersisterFactory.cs:line 60
   at NHibernate.Impl.SessionFactoryImpl..ctor(Configuration cfg, IMapping mapping, Settings settings, EventListeners listeners) in n:\nhibernate-core\src\NHibernate\Impl\SessionFactoryImpl.cs:line 253
   at NHibernate.Cfg.Configuration.BuildSessionFactory() in n:\nhibernate-core\src\NHibernate\Cfg\Configuration.cs:line 1260
   at QLSV.Core.Service.QuanlysinhvienSevice.OpenSession() in C:\Users\pc\Desktop\QLSV\QLSV.Core\Service\QueryStringSerice.cs:line 22
   at QLSV.Core.Service.QuanlysinhvienSevice.KiemTraTaiKhoan(String id, String pass) in C:\Users\pc\Desktop\QLSV\QLSV.Core\Service\TaiKhoanService.cs:line 38NHibernate.Properties.IGetter GetGetter(System.Type, System.String)
16:20:14 Object reference not set to an instance of an object.
QLSV.Frm
   at QLSV.Frm.Frm.FrmDangNhap.Dangnhap() in C:\Users\pc\Desktop\QLSV\QLSV.Frm\Frm\FrmDangNhap.cs:line 88Void Dangnhap()
16:20:44 Could not find a getter for property 'ID' in class 'QLSV.Core.Domain.Lop'
NHibernate
   at NHibernate.Properties.BasicPropertyAccessor.GetGetter(Type type, String propertyName) in n:\nhibernate-core\src\NHibernate\Properties\BasicPropertyAccessor.cs:line 35
   at NHibernate.Tuple.PropertyFactory.GetGetter(Property mappingProperty) in n:\nhibernate-core\src\NHibernate\Tuple\PropertyFactory.cs:line 147
   at NHibernate.Tuple.PropertyFactory.BuildIdentifierProperty(PersistentClass mappedEntity, IIdentifierGenerator generator) in n:\nhibernate-core\src\NHibernate\Tuple\PropertyFactory.cs:line 33
   at NHibernate.Tuple.Entity.EntityMetamodel..ctor(PersistentClass persistentClass, ISessionFactoryImplementor sessionFactory) in n:\nhibernate-core\src\NHibernate\Tuple\Entity\EntityMetamodel.cs:line 94
   at NHibernate.Persister.Entity.AbstractEntityPersister..ctor(PersistentClass persistentClass, ICacheConcurrencyStrategy cache, ISessionFactoryImplementor factory) in n:\nhibernate-core\src\NHibernate\Persister\Entity\AbstractEntityPersister.cs:line 268
   at NHibernate.Persister.Entity.SingleTableEntityPersister..ctor(PersistentClass persistentClass, ICacheConcurrencyStrategy cache, ISessionFactoryImplementor factory, IMapping mapping) in n:\nhibernate-core\src\NHibernate\Persister\Entity\SingleTableEntityPersister.cs:line 71
   at NHibernate.Persister.PersisterFactory.CreateClassPersister(PersistentClass model, ICacheConcurrencyStrategy cache, ISessionFactoryImplementor factory, IMapping cfg) in n:\nhibernate-core\src\NHibernate\Persister\PersisterFactory.cs:line 60
   at NHibernate.Impl.SessionFactoryImpl..ctor(Configuration cfg, IMapping mapping, Settings settings, EventListeners listeners) in n:\nhibernate-core\src\NHibernate\Impl\SessionFactoryImpl.cs:line 253
   at NHibernate.Cfg.Configuration.BuildSessionFactory() in n:\nhibernate-core\src\NHibernate\Cfg\Configuration.cs:line 1260
   at QLSV.Core.Service.QuanlysinhvienSevice.OpenSession() in C:\Users\pc\Desktop\QLSV\QLSV.Core\Service\QueryStringSerice.cs:line 22
   at QLSV.Core.Service.QuanlysinhvienSevice.KiemTraTaiKhoan(String id, String pass) in C:\Users\pc\Desktop\QLSV\QLSV.Core\Service\TaiKhoanService.cs:line 38NHibernate.Properties.IGetter GetGetter(System.Type, System.String)
16:20:46 Object reference not set to an instance of an object.
QLSV.Frm
   at QLSV.Frm.Frm.FrmDangNhap.Dangnhap() in C:\Users\pc\Desktop\QLSV\QLSV.Frm\Frm\FrmDangNhap.cs:line 88Void Dangnhap()
16:21:30 Could not find a getter for property 'ID' in class 'QLSV.Core.Domain.Lop'
NHibernate
   at NHibernate.Properties.BasicPropertyAccessor.GetGetter(Type type, String propertyName) in n:\nhibernate-core\src\NHibernate\Properties\BasicPropertyAccessor.cs:line 35
   at NHibernate.Tuple.PropertyFactory.GetGetter(Property mappingProperty) in n:\nhibernate-core\src\NHibernate\Tuple\PropertyFactory.cs:line 147
   at NHibernate.Tuple.PropertyFactory.BuildIdentifierProperty(PersistentClass mappedEntity, IIdentifierGenerator generator) in n:\nhibernate-core\src\NHibernate\Tuple\PropertyFactory.cs:line 33
   at NHibernate.Tuple.Entity.EntityMetamodel..ctor(PersistentClass persistentClass, ISessionFactoryImplementor sessionFactory) in n:\nhibernate-core\src\NHibernate\Tuple\Entity\EntityMetamodel.cs:line 94
   at NHibernate.Persister.Entity.AbstractEntityPersister..ctor(PersistentClass persistentClass, ICacheConcurrencyStrategy cache, ISessionFactoryImplementor factory) in n:\nhibernate-core\src\NHibernate\Persister\Entity\AbstractEntityPersister.cs:line 268
   at NHibernate.Persister.Entity.SingleTableEntityPersister..ctor(PersistentClass persistentClass, ICacheConcurrencyStrategy cache, ISessionFactoryImplementor factory, IMapping mapping) in n:\nhibernate-core\src\NHibernate\Persister\Entity\SingleTableEntityPersister.cs:line 71
   at NHibernate.Persister.PersisterFactory.CreateClassPersister(PersistentClass model, ICacheConcurrencyStrategy cache, ISessionFactoryImplementor factory, IMapping cfg) in n:\nhibernate-core\src\NHibernate\Persister\PersisterFactory.cs:line 60
   at NHibernate.Impl.SessionFactoryImpl..ctor(Configuration cfg, IMapping mapping, Settings settings, EventListeners listeners) in n:\nhibernate-core\src\NHibernate\Impl\SessionFactoryImpl.cs:line 253
   at NHibernate.Cfg.Configuration.BuildSessionFactory() in n:\nhibernate-core\src\NHibernate\Cfg\Configuration.cs:line 1260
   at QLSV.Core.Service.QuanlysinhvienSevice.OpenSession() in C:\Users\pc\Desktop\QLSV\QLSV.Core\Service\QueryStringSerice.cs:line 22
   at QLSV.Core.Service.QuanlysinhvienSevice.KiemTraTaiKhoan(String id, String pass) in C:\Users\pc\Desktop\QLSV\QLSV.Core\Service\TaiKhoanService.cs:line 38NHibernate.Properties.IGetter GetGetter(System.Type, System.String)
16:21:31 Object reference not set to an instance of an object.
QLSV.Frm
   at QLSV.Frm.Frm.FrmDangNhap.Dangnhap() in C:\Users\pc\Desktop\QLSV\QLSV.Frm\Frm\FrmDangNhap.cs:line 88Void Dangnhap()
16:21:32 Could not find a getter for property 'ID' in class 'QLSV.Core.Domain.Lop'
NHibernate
   at NHibernate.Properties.BasicPropertyAccessor.GetGetter(Type type, String propertyName) in n:\nhibernate-core\src\NHibernate\Properties\BasicPropertyAccessor.cs:line 35
   at NHibernate.Tuple.PropertyFactory.GetGetter(Property mappingProperty) in n:\nhibernate-core\src\NHibernate\Tuple\PropertyFactory.cs:line 147
   at NHibernate.Tuple.PropertyFactory.BuildIdentifierProperty(PersistentClass mappedEntity, IIdentifierGenerator generator) in n:\nhibernate-core\src\NHibernate\Tuple\PropertyFactory.cs:line 33
   at NHibernate.Tuple.Entity.EntityMetamodel..ctor(PersistentClass persistentClass, ISessionFactoryImplementor sessionFactory) in n:\nhibernate-core\src\NHibernate\Tuple\Entity\EntityMetamodel.cs:line 94
   at NHibernate.Persister.Entity.AbstractEntityPersister..ctor(PersistentClass persistentClass, ICacheConcurrencyStrategy cache, ISessionFactoryImplementor factory) in n:\nhibernate-core\src\NHibernate\Persister\Entity\AbstractEntityPersister.cs:line 268
   at NHibernate.Persister.Entity.SingleTableEntityPersister..ctor(PersistentClass persistentClass, ICacheConcurrencyStrategy cache, ISessionFactoryImplementor factory, IMapping mapping) in n:\nhibernate-core\src\NHibernate\Persister\Entity\SingleTableEntityPersister.cs:line 71
   at NHibernate.Persister.PersisterFactory.CreateClassPersister(PersistentClass model, ICacheConcurrencyStrategy cache, ISessionFactoryImplementor factory, IMapping cfg) in n:\nhibernate-core\src\NHibernate\Persister\PersisterFactory.cs:line 60
   at NHibernate.Impl.SessionFactoryImpl..ctor(Configuration cfg, IMapping mapping, Settings settings, EventListeners listeners) in n:\nhibernate-core\src\NHibernate\Impl\SessionFactoryImpl.cs:line 253
   at NHibernate.Cfg.Configuration.BuildSessionFactory() in n:\nhibernate-core\src\NHibernate\Cfg\Configuration.cs:line 1260
   at QLSV.Core.Service.QuanlysinhvienSevice.OpenSession() in C:\Users\pc\Desktop\QLSV\QLSV.Core\Service\QueryStringSerice.cs:line 22
   at QLSV.Core.Service.QuanlysinhvienSevice.KiemTraTaiKhoan(String id, String pass) in C:\Users\pc\Desktop\QLSV\QLSV.Core\Service\TaiKhoanService.cs:line 38NHibernate.Properties.IGetter GetGetter(System.Type, System.String)
16:21:33 Object reference not set to an instance of an object.
QLSV.Frm
   at QLSV.Frm.Frm.FrmDangNhap.Dangnhap() in C:\Users\pc\Desktop\QLSV\QLSV.Frm\Frm\FrmDangNhap.cs:line 88Void Dangnhap()
16:21:37 Could not find a getter for property 'ID' in class 'QLSV.Core.Domain.Lop'
NHibernate
   at NHibernate.Properties.BasicPropertyAccessor.GetGetter(Type type, String propertyName) in n:\nhibernate-core\src\NHibernate\Properties\BasicPropertyAccessor.cs:line 35
   at NHibernate.Tuple.PropertyFactory.GetGetter(Property mappingProperty) in n:\nhibernate-core\src\NHibernate\Tuple\PropertyFactory.cs:line 147
   at NHibernate.Tuple.PropertyFactory.BuildIdentifierProperty(PersistentClass mappedEntity, IIdentifierGenerator generator) in n:\nhibernate-core\src\NHibernate\Tuple\PropertyFactory.cs:line 33
   at NHibernate.Tuple.Entity.EntityMetamodel..ctor(PersistentClass persistentClass, ISessionFactoryImplementor sessionFactory) in n:\nhibernate-core\src\NHibernate\Tuple\Entity\EntityMetamodel.cs:line 94
   at NHibernate.Persister.Entity.AbstractEntityPersister..ctor(PersistentClass persistentClass, ICacheConcurrencyStrategy cache, ISessionFactoryImplementor factory) in n:\nhibernate-core\src\NHibernate\Persister\Entity\AbstractEntityPersister.cs:line 268
   at NHibernate.Persister.Entity.SingleTableEntityPersister..ctor(PersistentClass persistentClass, ICacheConcurrencyStrategy cache, ISessionFactoryImplementor factory, IMapping mapping) in n:\nhibernate-core\src\NHibernate\Persister\Entity\SingleTableEntityPersister.cs:line 71
   at NHibernate.Persister.PersisterFactory.CreateClassPersister(PersistentClass model, ICacheConcurrencyStrategy cache, ISessionFactoryImplementor factory, IMapping cfg) in n:\nhibernate-core\src\NHibernate\Persister\PersisterFactory.cs:line 60
   at NHibernate.Impl.SessionFactoryImpl..ctor(Configuration cfg, IMapping mapping, Settings settings, EventListeners listeners) in n:\nhibernate-core\src\NHibernate\Impl\SessionFactoryImpl.cs:line 253
   at NHibernate.Cfg.Configuration.BuildSessionFactory() in n:\nhibernate-core\src\NHibernate\Cfg\Configuration.cs:line 1260
   at QLSV.Core.Service.QuanlysinhvienSevice.OpenSession() in C:\Users\pc\Desktop\QLSV\QLSV.Core\Service\QueryStringSerice.cs:line 22
   at QLSV.Core.Service.QuanlysinhvienSevice.KiemTraTaiKhoan(String id, String pass) in C:\Users\pc\Desktop\QLSV\QLSV.Core\Service\TaiKhoanService.cs:line 38NHibernate.Properties.IGetter GetGetter(System.Type, System.String)
16:21:38 Object reference not set to an instance of an object.
QLSV.Frm
   at QLSV.Frm.Frm.FrmDangNhap.Dangnhap() in C:\Users\pc\Desktop\QLSV\QLSV.Frm\Frm\FrmDangNhap.cs:line 88Void Dangnhap()
16:22:15 Could not find a getter for property 'ID' in class 'QLSV.Core.Domain.Lop'
NHibernate
   at NHibernate.Properties.BasicPropertyAccessor.GetGetter(Type type, String propertyName) in n:\nhibernate-core\src\NHibernate\Properties\BasicPropertyAccessor.cs:line 35
   at NHibernate.Tuple.PropertyFactory.GetGetter(Property mappingProperty) in n:\nhibernate-core\src\NHibernate\Tuple\PropertyFactory.cs:line 147
   at NHibernate.Tuple.PropertyFactory.BuildIdentifierProperty(PersistentClass mappedEntity, IIdentifierGenerator generator) in n:\nhibernate-core\src\NHibernate\Tuple\PropertyFactory.cs:line 33
   at NHibernate.Tuple.Entity.EntityMetamodel..ctor(PersistentClass persistentClass, ISessionFactoryImplementor sessionFactory) in n:\nhibernate-core\src\NHibernate\Tuple\Entity\EntityMetamodel.cs:line 94
   at NHibernate.Persister.Entity.AbstractEntityPersister..ctor(PersistentClass persistentClass, ICacheConcurrencyStrategy cache, ISessionFactoryImplementor factory) in n:\nhibernate-core\src\NHibernate\Persister\Entity\AbstractEntityPersister.cs:line 268
   at NHibernate.Persister.Entity.SingleTableEntityPersister..ctor(PersistentClass persistentClass, ICacheConcurrencyStrategy cache, ISessionFactoryImplementor factory, IMapping mapping) in n:\nhibernate-core\src\NHibernate\Persister\Entity\SingleTableEntityPersister.cs:line 71
   at NHibernate.Persister.PersisterFactory.CreateClassPersister(PersistentClass model, ICacheConcurrencyStrategy cache, ISessionFactoryImplementor factory, IMapping cfg) in n:\nhibernate-core\src\NHibernate\Persister\PersisterFactory.cs:line 60
   at NHibernate.Impl.SessionFactoryImpl..ctor(Configuration cfg, IMapping mapping, Settings settings, EventListeners listeners) in n:\nhibernate-core\src\NHibernate\Impl\SessionFactoryImpl.cs:line 253
   at NHibernate.Cfg.Configuration.BuildSessionFactory() in n:\nhibernate-core\src\NHibernate\Cfg\Configuration.cs:line 1260
   at QLSV.Core.Service.QuanlysinhvienSevice.OpenSession() in C:\Users\pc\Desktop\QLSV\QLSV.Core\Service\QueryStringSerice.cs:line 22
   at QLSV.Core.Service.QuanlysinhvienSevice.KiemTraTaiKhoan(String id, String pass) in C:\Users\pc\Desktop\QLSV\QLSV.Core\Service\TaiKhoanService.cs:line 38NHibernate.Properties.IGetter GetGetter(System.Type, System.String)
16:22:44 Object reference not set to an instance of an object.
QLSV.Frm
   at QLSV.Frm.Frm.FrmDangNhap.Dangnhap() in C:\Users\pc\Desktop\QLSV\QLSV.Frm\Frm\FrmDangNhap.cs:line 88Void Dangnhap()
16:22:49 Could not find a getter for property 'ID' in class 'QLSV.Core.Domain.Lop'
NHibernate
   at NHibernate.Properties.BasicPropertyAccessor.GetGetter(Type type, String propertyName) in n:\nhibernate-core\src\NHibernate\Properties\BasicPropertyAccessor.cs:line 35
   at NHibernate.Tuple.PropertyFactory.GetGetter(Property mappingProperty) in n:\nhibernate-core\src\NHibernate\Tuple\PropertyFactory.cs:line 147
   at NHibernate.Tuple.PropertyFactory.BuildIdentifierProperty(PersistentClass mappedEntity, IIdentifierGenerator generator) in n:\nhibernate-core\src\NHibernate\Tuple\PropertyFactory.cs:line 33
   at NHibernate.Tuple.Entity.EntityMetamodel..ctor(PersistentClass persistentClass, ISessionFactoryImplementor sessionFactory) in n:\nhibernate-core\src\NHibernate\Tuple\Entity\EntityMetamodel.cs:line 94
   at NHibernate.Persister.Entity.AbstractEntityPersister..ctor(PersistentClass persistentClass, ICacheConcurrencyStrategy cache, ISessionFactoryImplementor factory) in n:\nhibernate-core\src\NHibernate\Persister\Entity\AbstractEntityPersister.cs:line 268
   at NHibernate.Persister.Entity.SingleTableEntityPersister..ctor(PersistentClass persistentClass, ICacheConcurrencyStrategy cache, ISessionFactoryImplementor factory, IMapping mapping) in n:\nhibernate-core\src\NHibernate\Persister\Entity\SingleTableEntityPersister.cs:line 71
   at NHibernate.Persister.PersisterFactory.CreateClassPersister(PersistentClass model, ICacheConcurrencyStrategy cache, ISessionFactoryImplementor factory, IMapping cfg) in n:\nhibernate-core\src\NHibernate\Persister\PersisterFactory.cs:line 60
   at NHibernate.Impl.SessionFactoryImpl..ctor(Configuration cfg, IMapping mapping, Settings settings, EventListeners listeners) in n:\nhibernate-core\src\NHibernate\Impl\SessionFactoryImpl.cs:line 253
   at NHibernate.Cfg.Configuration.BuildSessionFactory() in n:\nhibernate-core\src\NHibernate\Cfg\Configuration.cs:line 1260
   at QLSV.Core.Service.QuanlysinhvienSevice.OpenSession() in C:\Users\pc\Desktop\QLSV\QLSV.Core\Service\QueryStringSerice.cs:line 22
   at QLSV.Core.Service.QuanlysinhvienSevice.KiemTraTaiKhoan(String id, String pass) in C:\Users\pc\Desktop\QLSV\QLSV.Core\Service\TaiKhoanService.cs:line 38NHibernate.Properties.IGetter GetGetter(System.Type, System.String)
16:22:50 Object reference not set to an instance of an object.
QLSV.Frm
   at QLSV.Frm.Frm.FrmDangNhap.Dangnhap() in C:\Users\pc\Desktop\QLSV\QLSV.Frm\Frm\FrmDangNhap.cs:line 88Void Dangnhap()
16:24:18 Could not find a getter for property 'ID' in class 'QLSV.Core.Domain.Lop'
NHibernate
   at NHibernate.Properties.BasicPropertyAccessor.GetGetter(Type type, String propertyName) in n:\nhibernate-core\src\NHibernate\Properties\BasicPropertyAccessor.cs:line 35
   at NHibernate.Tuple.PropertyFactory.GetGetter(Property mappingProperty) in n:\nhibernate-core\src\NHibernate\Tuple\PropertyFactory.cs:line 147
   at NHibernate.Tuple.PropertyFactory.BuildIdentifierProperty(PersistentClass mappedEntity, IIdentifierGenerator generator) in n:\nhibernate-core\src\NHibernate\Tuple\PropertyFactory.cs:line 33
   at NHibernate.Tuple.Entity.EntityMetamodel..ctor(PersistentClass persistentClass, ISessionFactoryImplementor sessionFactory) in n:\nhibernate-core\src\NHibernate\Tuple\Entity\EntityMetamodel.cs:line 94
   at NHibernate.Persister.Entity.AbstractEntityPersister..ctor(PersistentClass persistentClass, ICacheConcurrencyStrategy cache, ISessionFactoryImplementor factory) in n:\nhibernate-core\src\NHibernate\Persister\Entity\AbstractEntityPersister.cs:line 268
   at NHibernate.Persister.Entity.SingleTableEntityPersister..ctor(PersistentClass persistentClass, ICacheConcurrencyStrategy cache, ISessionFactoryImplementor factory, IMapping mapping) in n:\nhibernate-core\src\NHibernate\Persister\Entity\SingleTableEntityPersister.cs:line 71
   at NHibernate.Persister.PersisterFactory.CreateClassPersister(PersistentClass model, ICacheConcurrencyStrategy cache, ISessionFactoryImplementor factory, IMapping cfg) in n:\nhibernate-core\src\NHibernate\Persister\PersisterFactory.cs:line 60
   at NHibernate.Impl.SessionFactoryImpl..ctor(Configuration cfg, IMapping mapping, Settings settings, EventListeners listeners) in n:\nhibernate-core\src\NHibernate\Impl\SessionFactoryImpl.cs:line 253
   at NHibernate.Cfg.Configuration.BuildSessionFactory() in n:\nhibernate-core\src\NHibernate\Cfg\Configuration.cs:line 1260
   at QLSV.Core.Service.QuanlysinhvienSevice.OpenSession() in C:\Users\pc\Desktop\QLSV\QLSV.Core\Service\QueryStringSerice.cs:line 22
   at QLSV.Core.Service.QuanlysinhvienSevice.KiemTraTaiKhoan(String id, String pass) in C:\Users\pc\Desktop\QLSV\QLSV.Core\Service\TaiKhoanService.cs:line 38NHibernate.Properties.IGetter GetGetter(System.Type, System.String)
16:24:20 Object reference not set to an instance of an object.
QLSV.Frm
   at QLSV.Frm.Frm.FrmDangNhap.Dangnhap() in C:\Users\pc\Desktop\QLSV\QLSV.Frm\Frm\FrmDangNhap.cs:line 88Void Dangnhap()
16:24:29 Could not find a getter for property 'ID' in class 'QLSV.Core.Domain.Lop'
NHibernate
   at NHibernate.Properties.BasicPropertyAccessor.GetGetter(Type type, String propertyName) in n:\nhibernate-core\src\NHibernate\Properties\BasicPropertyAccessor.cs:line 35
   at NHibernate.Tuple.PropertyFactory.GetGetter(Property mappingProperty) in n:\nhibernate-core\src\NHibernate\Tuple\PropertyFactory.cs:line 147
   at NHibernate.Tuple.PropertyFactory.BuildIdentifierProperty(PersistentClass mappedEntity, IIdentifierGenerator generator) in n:\nhibernate-core\src\NHibernate\Tuple\PropertyFactory.cs:line 33
   at NHibernate.Tuple.Entity.EntityMetamodel..ctor(PersistentClass persistentClass, ISessionFactoryImplementor sessionFactory) in n:\nhibernate-core\src\NHibernate\Tuple\Entity\EntityMetamodel.cs:line 94
   at NHibernate.Persister.Entity.AbstractEntityPersister..ctor(PersistentClass persistentClass, ICacheConcurrencyStrategy cache, ISessionFactoryImplementor factory) in n:\nhibernate-core\src\NHibernate\Persister\Entity\AbstractEntityPersister.cs:line 268
   at NHibernate.Persister.Entity.SingleTableEntityPersister..ctor(PersistentClass persistentClass, ICacheConcurrencyStrategy cache, ISessionFactoryImplementor factory, IMapping mapping) in n:\nhibernate-core\src\NHibernate\Persister\Entity\SingleTableEntityPersister.cs:line 71
   at NHibernate.Persister.PersisterFactory.CreateClassPersister(PersistentClass model, ICacheConcurrencyStrategy cache, ISessionFactoryImplementor factory, IMapping cfg) in n:\nhibernate-core\src\NHibernate\Persister\PersisterFactory.cs:line 60
   at NHibernate.Impl.SessionFactoryImpl..ctor(Configuration cfg, IMapping mapping, Settings settings, EventListeners listeners) in n:\nhibernate-core\src\NHibernate\Impl\SessionFactoryImpl.cs:line 253
   at NHibernate.Cfg.Configuration.BuildSessionFactory() in n:\nhibernate-core\src\NHibernate\Cfg\Configuration.cs:line 1260
   at QLSV.Core.Service.QuanlysinhvienSevice.OpenSession() in C:\Users\pc\Desktop\QLSV\QLSV.Core\Service\QueryStringSerice.cs:line 22
   at QLSV.Core.Service.QuanlysinhvienSevice.KiemTraTaiKhoan(String id, String pass) in C:\Users\pc\Desktop\QLSV\QLSV.Core\Service\TaiKhoanService.cs:line 38NHibernate.Properties.IGetter GetGetter(System.Type, System.String)
16:24:34 Object reference not set to an instance of an object.
QLSV.Frm
   at QLSV.Frm.Frm.FrmDangNhap.Dangnhap() in C:\Users\pc\Desktop\QLSV\QLSV.Frm\Frm\FrmDangNhap.cs:line 88Void Dangnhap()
