10:19:13 Could not find a getter for property 'Lop' in class 'QLSV.Core.Domain.SinhVien'
NHibernate
   at NHibernate.Properties.BasicPropertyAccessor.GetGetter(Type type, String propertyName) in n:\nhibernate-core\src\NHibernate\Properties\BasicPropertyAccessor.cs:line 35
   at NHibernate.Mapping.Property.GetGetter(Type clazz) in n:\nhibernate-core\src\NHibernate\Mapping\Property.cs:line 177
   at NHibernate.Tuple.Entity.PocoEntityTuplizer.BuildPropertyGetter(Property mappedProperty, PersistentClass mappedEntity) in n:\nhibernate-core\src\NHibernate\Tuple\Entity\PocoEntityTuplizer.cs:line 101
   at NHibernate.Tuple.Entity.AbstractEntityTuplizer..ctor(EntityMetamodel entityMetamodel, PersistentClass mappingInfo) in n:\nhibernate-core\src\NHibernate\Tuple\Entity\AbstractEntityTuplizer.cs:line 56
   at NHibernate.Tuple.Entity.PocoEntityTuplizer..ctor(EntityMetamodel entityMetamodel, PersistentClass mappedEntity) in n:\nhibernate-core\src\NHibernate\Tuple\Entity\PocoEntityTuplizer.cs:line 54
   at NHibernate.Tuple.Entity.EntityEntityModeToTuplizerMapping..ctor(PersistentClass mappedEntity, EntityMetamodel em) in n:\nhibernate-core\src\NHibernate\Tuple\Entity\EntityEntityModeToTuplizerMapping.cs:line 58
   at NHibernate.Tuple.Entity.EntityMetamodel..ctor(PersistentClass persistentClass, ISessionFactoryImplementor sessionFactory) in n:\nhibernate-core\src\NHibernate\Tuple\Entity\EntityMetamodel.cs:line 317
   at NHibernate.Persister.Entity.AbstractEntityPersister..ctor(PersistentClass persistentClass, ICacheConcurrencyStrategy cache, ISessionFactoryImplementor factory) in n:\nhibernate-core\src\NHibernate\Persister\Entity\AbstractEntityPersister.cs:line 268
   at NHibernate.Persister.Entity.SingleTableEntityPersister..ctor(PersistentClass persistentClass, ICacheConcurrencyStrategy cache, ISessionFactoryImplementor factory, IMapping mapping) in n:\nhibernate-core\src\NHibernate\Persister\Entity\SingleTableEntityPersister.cs:line 71
   at NHibernate.Persister.PersisterFactory.CreateClassPersister(PersistentClass model, ICacheConcurrencyStrategy cache, ISessionFactoryImplementor factory, IMapping cfg) in n:\nhibernate-core\src\NHibernate\Persister\PersisterFactory.cs:line 60
   at NHibernate.Impl.SessionFactoryImpl..ctor(Configuration cfg, IMapping mapping, Settings settings, EventListeners listeners) in n:\nhibernate-core\src\NHibernate\Impl\SessionFactoryImpl.cs:line 253
   at NHibernate.Cfg.Configuration.BuildSessionFactory() in n:\nhibernate-core\src\NHibernate\Cfg\Configuration.cs:line 1260
   at QLSV.Core.Service.QuanlysinhvienSevice.OpenSession() in C:\Users\pc\Desktop\QLSV\QLSV.Core\Service\QueryStringSerice.cs:line 22
   at QLSV.Core.Service.QuanlysinhvienSevice.KiemTraTaiKhoan(String id, String pass) in C:\Users\pc\Desktop\QLSV\QLSV.Core\Service\TaiKhoanService.cs:line 19NHibernate.Properties.IGetter GetGetter(System.Type, System.String)
10:19:16 Object reference not set to an instance of an object.
QLSV.Frm
   at QLSV.Frm.Frm.FrmDangNhap.Dangnhap() in C:\Users\pc\Desktop\QLSV\QLSV.Frm\Frm\FrmDangNhap.cs:line 88Void Dangnhap()
10:19:16 Could not find a getter for property 'Lop' in class 'QLSV.Core.Domain.SinhVien'
NHibernate
   at NHibernate.Properties.BasicPropertyAccessor.GetGetter(Type type, String propertyName) in n:\nhibernate-core\src\NHibernate\Properties\BasicPropertyAccessor.cs:line 35
   at NHibernate.Mapping.Property.GetGetter(Type clazz) in n:\nhibernate-core\src\NHibernate\Mapping\Property.cs:line 177
   at NHibernate.Tuple.Entity.PocoEntityTuplizer.BuildPropertyGetter(Property mappedProperty, PersistentClass mappedEntity) in n:\nhibernate-core\src\NHibernate\Tuple\Entity\PocoEntityTuplizer.cs:line 101
   at NHibernate.Tuple.Entity.AbstractEntityTuplizer..ctor(EntityMetamodel entityMetamodel, PersistentClass mappingInfo) in n:\nhibernate-core\src\NHibernate\Tuple\Entity\AbstractEntityTuplizer.cs:line 56
   at NHibernate.Tuple.Entity.PocoEntityTuplizer..ctor(EntityMetamodel entityMetamodel, PersistentClass mappedEntity) in n:\nhibernate-core\src\NHibernate\Tuple\Entity\PocoEntityTuplizer.cs:line 54
   at NHibernate.Tuple.Entity.EntityEntityModeToTuplizerMapping..ctor(PersistentClass mappedEntity, EntityMetamodel em) in n:\nhibernate-core\src\NHibernate\Tuple\Entity\EntityEntityModeToTuplizerMapping.cs:line 58
   at NHibernate.Tuple.Entity.EntityMetamodel..ctor(PersistentClass persistentClass, ISessionFactoryImplementor sessionFactory) in n:\nhibernate-core\src\NHibernate\Tuple\Entity\EntityMetamodel.cs:line 317
   at NHibernate.Persister.Entity.AbstractEntityPersister..ctor(PersistentClass persistentClass, ICacheConcurrencyStrategy cache, ISessionFactoryImplementor factory) in n:\nhibernate-core\src\NHibernate\Persister\Entity\AbstractEntityPersister.cs:line 268
   at NHibernate.Persister.Entity.SingleTableEntityPersister..ctor(PersistentClass persistentClass, ICacheConcurrencyStrategy cache, ISessionFactoryImplementor factory, IMapping mapping) in n:\nhibernate-core\src\NHibernate\Persister\Entity\SingleTableEntityPersister.cs:line 71
   at NHibernate.Persister.PersisterFactory.CreateClassPersister(PersistentClass model, ICacheConcurrencyStrategy cache, ISessionFactoryImplementor factory, IMapping cfg) in n:\nhibernate-core\src\NHibernate\Persister\PersisterFactory.cs:line 60
   at NHibernate.Impl.SessionFactoryImpl..ctor(Configuration cfg, IMapping mapping, Settings settings, EventListeners listeners) in n:\nhibernate-core\src\NHibernate\Impl\SessionFactoryImpl.cs:line 253
   at NHibernate.Cfg.Configuration.BuildSessionFactory() in n:\nhibernate-core\src\NHibernate\Cfg\Configuration.cs:line 1260
   at QLSV.Core.Service.QuanlysinhvienSevice.OpenSession() in C:\Users\pc\Desktop\QLSV\QLSV.Core\Service\QueryStringSerice.cs:line 22
   at QLSV.Core.Service.QuanlysinhvienSevice.KiemTraTaiKhoan(String id, String pass) in C:\Users\pc\Desktop\QLSV\QLSV.Core\Service\TaiKhoanService.cs:line 19NHibernate.Properties.IGetter GetGetter(System.Type, System.String)
10:19:16 Object reference not set to an instance of an object.
QLSV.Frm
   at QLSV.Frm.Frm.FrmDangNhap.Dangnhap() in C:\Users\pc\Desktop\QLSV\QLSV.Frm\Frm\FrmDangNhap.cs:line 88Void Dangnhap()
10:19:17 Could not find a getter for property 'Lop' in class 'QLSV.Core.Domain.SinhVien'
NHibernate
   at NHibernate.Properties.BasicPropertyAccessor.GetGetter(Type type, String propertyName) in n:\nhibernate-core\src\NHibernate\Properties\BasicPropertyAccessor.cs:line 35
   at NHibernate.Mapping.Property.GetGetter(Type clazz) in n:\nhibernate-core\src\NHibernate\Mapping\Property.cs:line 177
   at NHibernate.Tuple.Entity.PocoEntityTuplizer.BuildPropertyGetter(Property mappedProperty, PersistentClass mappedEntity) in n:\nhibernate-core\src\NHibernate\Tuple\Entity\PocoEntityTuplizer.cs:line 101
   at NHibernate.Tuple.Entity.AbstractEntityTuplizer..ctor(EntityMetamodel entityMetamodel, PersistentClass mappingInfo) in n:\nhibernate-core\src\NHibernate\Tuple\Entity\AbstractEntityTuplizer.cs:line 56
   at NHibernate.Tuple.Entity.PocoEntityTuplizer..ctor(EntityMetamodel entityMetamodel, PersistentClass mappedEntity) in n:\nhibernate-core\src\NHibernate\Tuple\Entity\PocoEntityTuplizer.cs:line 54
   at NHibernate.Tuple.Entity.EntityEntityModeToTuplizerMapping..ctor(PersistentClass mappedEntity, EntityMetamodel em) in n:\nhibernate-core\src\NHibernate\Tuple\Entity\EntityEntityModeToTuplizerMapping.cs:line 58
   at NHibernate.Tuple.Entity.EntityMetamodel..ctor(PersistentClass persistentClass, ISessionFactoryImplementor sessionFactory) in n:\nhibernate-core\src\NHibernate\Tuple\Entity\EntityMetamodel.cs:line 317
   at NHibernate.Persister.Entity.AbstractEntityPersister..ctor(PersistentClass persistentClass, ICacheConcurrencyStrategy cache, ISessionFactoryImplementor factory) in n:\nhibernate-core\src\NHibernate\Persister\Entity\AbstractEntityPersister.cs:line 268
   at NHibernate.Persister.Entity.SingleTableEntityPersister..ctor(PersistentClass persistentClass, ICacheConcurrencyStrategy cache, ISessionFactoryImplementor factory, IMapping mapping) in n:\nhibernate-core\src\NHibernate\Persister\Entity\SingleTableEntityPersister.cs:line 71
   at NHibernate.Persister.PersisterFactory.CreateClassPersister(PersistentClass model, ICacheConcurrencyStrategy cache, ISessionFactoryImplementor factory, IMapping cfg) in n:\nhibernate-core\src\NHibernate\Persister\PersisterFactory.cs:line 60
   at NHibernate.Impl.SessionFactoryImpl..ctor(Configuration cfg, IMapping mapping, Settings settings, EventListeners listeners) in n:\nhibernate-core\src\NHibernate\Impl\SessionFactoryImpl.cs:line 253
   at NHibernate.Cfg.Configuration.BuildSessionFactory() in n:\nhibernate-core\src\NHibernate\Cfg\Configuration.cs:line 1260
   at QLSV.Core.Service.QuanlysinhvienSevice.OpenSession() in C:\Users\pc\Desktop\QLSV\QLSV.Core\Service\QueryStringSerice.cs:line 22
   at QLSV.Core.Service.QuanlysinhvienSevice.KiemTraTaiKhoan(String id, String pass) in C:\Users\pc\Desktop\QLSV\QLSV.Core\Service\TaiKhoanService.cs:line 19NHibernate.Properties.IGetter GetGetter(System.Type, System.String)
10:19:18 Object reference not set to an instance of an object.
QLSV.Frm
   at QLSV.Frm.Frm.FrmDangNhap.Dangnhap() in C:\Users\pc\Desktop\QLSV\QLSV.Frm\Frm\FrmDangNhap.cs:line 88Void Dangnhap()
10:19:18 Could not find a getter for property 'Lop' in class 'QLSV.Core.Domain.SinhVien'
NHibernate
   at NHibernate.Properties.BasicPropertyAccessor.GetGetter(Type type, String propertyName) in n:\nhibernate-core\src\NHibernate\Properties\BasicPropertyAccessor.cs:line 35
   at NHibernate.Mapping.Property.GetGetter(Type clazz) in n:\nhibernate-core\src\NHibernate\Mapping\Property.cs:line 177
   at NHibernate.Tuple.Entity.PocoEntityTuplizer.BuildPropertyGetter(Property mappedProperty, PersistentClass mappedEntity) in n:\nhibernate-core\src\NHibernate\Tuple\Entity\PocoEntityTuplizer.cs:line 101
   at NHibernate.Tuple.Entity.AbstractEntityTuplizer..ctor(EntityMetamodel entityMetamodel, PersistentClass mappingInfo) in n:\nhibernate-core\src\NHibernate\Tuple\Entity\AbstractEntityTuplizer.cs:line 56
   at NHibernate.Tuple.Entity.PocoEntityTuplizer..ctor(EntityMetamodel entityMetamodel, PersistentClass mappedEntity) in n:\nhibernate-core\src\NHibernate\Tuple\Entity\PocoEntityTuplizer.cs:line 54
   at NHibernate.Tuple.Entity.EntityEntityModeToTuplizerMapping..ctor(PersistentClass mappedEntity, EntityMetamodel em) in n:\nhibernate-core\src\NHibernate\Tuple\Entity\EntityEntityModeToTuplizerMapping.cs:line 58
   at NHibernate.Tuple.Entity.EntityMetamodel..ctor(PersistentClass persistentClass, ISessionFactoryImplementor sessionFactory) in n:\nhibernate-core\src\NHibernate\Tuple\Entity\EntityMetamodel.cs:line 317
   at NHibernate.Persister.Entity.AbstractEntityPersister..ctor(PersistentClass persistentClass, ICacheConcurrencyStrategy cache, ISessionFactoryImplementor factory) in n:\nhibernate-core\src\NHibernate\Persister\Entity\AbstractEntityPersister.cs:line 268
   at NHibernate.Persister.Entity.SingleTableEntityPersister..ctor(PersistentClass persistentClass, ICacheConcurrencyStrategy cache, ISessionFactoryImplementor factory, IMapping mapping) in n:\nhibernate-core\src\NHibernate\Persister\Entity\SingleTableEntityPersister.cs:line 71
   at NHibernate.Persister.PersisterFactory.CreateClassPersister(PersistentClass model, ICacheConcurrencyStrategy cache, ISessionFactoryImplementor factory, IMapping cfg) in n:\nhibernate-core\src\NHibernate\Persister\PersisterFactory.cs:line 60
   at NHibernate.Impl.SessionFactoryImpl..ctor(Configuration cfg, IMapping mapping, Settings settings, EventListeners listeners) in n:\nhibernate-core\src\NHibernate\Impl\SessionFactoryImpl.cs:line 253
   at NHibernate.Cfg.Configuration.BuildSessionFactory() in n:\nhibernate-core\src\NHibernate\Cfg\Configuration.cs:line 1260
   at QLSV.Core.Service.QuanlysinhvienSevice.OpenSession() in C:\Users\pc\Desktop\QLSV\QLSV.Core\Service\QueryStringSerice.cs:line 22
   at QLSV.Core.Service.QuanlysinhvienSevice.KiemTraTaiKhoan(String id, String pass) in C:\Users\pc\Desktop\QLSV\QLSV.Core\Service\TaiKhoanService.cs:line 19NHibernate.Properties.IGetter GetGetter(System.Type, System.String)
10:19:20 Object reference not set to an instance of an object.
QLSV.Frm
   at QLSV.Frm.Frm.FrmDangNhap.Dangnhap() in C:\Users\pc\Desktop\QLSV\QLSV.Frm\Frm\FrmDangNhap.cs:line 88Void Dangnhap()
10:19:21 Could not find a getter for property 'Lop' in class 'QLSV.Core.Domain.SinhVien'
NHibernate
   at NHibernate.Properties.BasicPropertyAccessor.GetGetter(Type type, String propertyName) in n:\nhibernate-core\src\NHibernate\Properties\BasicPropertyAccessor.cs:line 35
   at NHibernate.Mapping.Property.GetGetter(Type clazz) in n:\nhibernate-core\src\NHibernate\Mapping\Property.cs:line 177
   at NHibernate.Tuple.Entity.PocoEntityTuplizer.BuildPropertyGetter(Property mappedProperty, PersistentClass mappedEntity) in n:\nhibernate-core\src\NHibernate\Tuple\Entity\PocoEntityTuplizer.cs:line 101
   at NHibernate.Tuple.Entity.AbstractEntityTuplizer..ctor(EntityMetamodel entityMetamodel, PersistentClass mappingInfo) in n:\nhibernate-core\src\NHibernate\Tuple\Entity\AbstractEntityTuplizer.cs:line 56
   at NHibernate.Tuple.Entity.PocoEntityTuplizer..ctor(EntityMetamodel entityMetamodel, PersistentClass mappedEntity) in n:\nhibernate-core\src\NHibernate\Tuple\Entity\PocoEntityTuplizer.cs:line 54
   at NHibernate.Tuple.Entity.EntityEntityModeToTuplizerMapping..ctor(PersistentClass mappedEntity, EntityMetamodel em) in n:\nhibernate-core\src\NHibernate\Tuple\Entity\EntityEntityModeToTuplizerMapping.cs:line 58
   at NHibernate.Tuple.Entity.EntityMetamodel..ctor(PersistentClass persistentClass, ISessionFactoryImplementor sessionFactory) in n:\nhibernate-core\src\NHibernate\Tuple\Entity\EntityMetamodel.cs:line 317
   at NHibernate.Persister.Entity.AbstractEntityPersister..ctor(PersistentClass persistentClass, ICacheConcurrencyStrategy cache, ISessionFactoryImplementor factory) in n:\nhibernate-core\src\NHibernate\Persister\Entity\AbstractEntityPersister.cs:line 268
   at NHibernate.Persister.Entity.SingleTableEntityPersister..ctor(PersistentClass persistentClass, ICacheConcurrencyStrategy cache, ISessionFactoryImplementor factory, IMapping mapping) in n:\nhibernate-core\src\NHibernate\Persister\Entity\SingleTableEntityPersister.cs:line 71
   at NHibernate.Persister.PersisterFactory.CreateClassPersister(PersistentClass model, ICacheConcurrencyStrategy cache, ISessionFactoryImplementor factory, IMapping cfg) in n:\nhibernate-core\src\NHibernate\Persister\PersisterFactory.cs:line 60
   at NHibernate.Impl.SessionFactoryImpl..ctor(Configuration cfg, IMapping mapping, Settings settings, EventListeners listeners) in n:\nhibernate-core\src\NHibernate\Impl\SessionFactoryImpl.cs:line 253
   at NHibernate.Cfg.Configuration.BuildSessionFactory() in n:\nhibernate-core\src\NHibernate\Cfg\Configuration.cs:line 1260
   at QLSV.Core.Service.QuanlysinhvienSevice.OpenSession() in C:\Users\pc\Desktop\QLSV\QLSV.Core\Service\QueryStringSerice.cs:line 22
   at QLSV.Core.Service.QuanlysinhvienSevice.KiemTraTaiKhoan(String id, String pass) in C:\Users\pc\Desktop\QLSV\QLSV.Core\Service\TaiKhoanService.cs:line 19NHibernate.Properties.IGetter GetGetter(System.Type, System.String)
10:19:22 Object reference not set to an instance of an object.
QLSV.Frm
   at QLSV.Frm.Frm.FrmDangNhap.Dangnhap() in C:\Users\pc\Desktop\QLSV\QLSV.Frm\Frm\FrmDangNhap.cs:line 88Void Dangnhap()
10:22:38 Key not found
Parameter name: key
Infragistics2.Shared.v12.1
   at Infragistics.Shared.KeyedSubObjectsCollectionBase.GetItem(String key)
   at Infragistics.Win.UltraWinGrid.ColumnsCollection.get_Item(String key)
   at Infragistics.Win.UltraWinGrid.CellsCollection.GetItem(String key)
   at Infragistics.Win.UltraWinGrid.CellsCollection.get_Item(String key)
   at QLSV.Frm.Frm.FrmSinhVien.Save() in C:\Users\pc\Desktop\QLSV\QLSV.Frm\Frm\FrmSinhVien.cs:line 110Infragistics.Shared.IKeyedSubObject GetItem(System.String)
10:22:41 Key not found
Parameter name: key
Infragistics2.Shared.v12.1
   at Infragistics.Shared.KeyedSubObjectsCollectionBase.GetItem(String key)
   at Infragistics.Win.UltraWinGrid.ColumnsCollection.get_Item(String key)
   at Infragistics.Win.UltraWinGrid.CellsCollection.GetItem(String key)
   at Infragistics.Win.UltraWinGrid.CellsCollection.get_Item(String key)
   at QLSV.Frm.Frm.FrmSinhVien.Save() in C:\Users\pc\Desktop\QLSV\QLSV.Frm\Frm\FrmSinhVien.cs:line 110Infragistics.Shared.IKeyedSubObject GetItem(System.String)
10:24:15 could not insert: [QLSV.Core.Domain.SinhVien][SQL: INSERT INTO SinhVien (MaSinhVien, HoSinhVien, TenSinhVien, MaLop) VALUES (?, ?, ?, ?); select SCOPE_IDENTITY()]
NHibernate
   at NHibernate.Id.Insert.AbstractReturningDelegate.PerformInsert(SqlCommandInfo insertSQL, ISessionImplementor session, IBinder binder) in n:\nhibernate-core\src\NHibernate\Id\Insert\AbstractReturningDelegate.cs:line 51
   at NHibernate.Persister.Entity.AbstractEntityPersister.Insert(Object[] fields, Boolean[] notNull, SqlCommandInfo sql, Object obj, ISessionImplementor session) in n:\nhibernate-core\src\NHibernate\Persister\Entity\AbstractEntityPersister.cs:line 2573
   at NHibernate.Persister.Entity.AbstractEntityPersister.Insert(Object[] fields, Object obj, ISessionImplementor session) in n:\nhibernate-core\src\NHibernate\Persister\Entity\AbstractEntityPersister.cs:line 3033
   at NHibernate.Action.EntityIdentityInsertAction.Execute() in n:\nhibernate-core\src\NHibernate\Action\EntityIdentityInsertAction.cs:line 75
   at NHibernate.Engine.ActionQueue.Execute(IExecutable executable) in n:\nhibernate-core\src\NHibernate\Engine\ActionQueue.cs:line 135
   at NHibernate.Event.Default.AbstractSaveEventListener.PerformSaveOrReplicate(Object entity, EntityKey key, IEntityPersister persister, Boolean useIdentityColumn, Object anything, IEventSource source, Boolean requiresImmediateIdAccess) in n:\nhibernate-core\src\NHibernate\Event\Default\AbstractSaveEventListener.cs:line 259
   at NHibernate.Event.Default.AbstractSaveEventListener.PerformSave(Object entity, Object id, IEntityPersister persister, Boolean useIdentityColumn, Object anything, IEventSource source, Boolean requiresImmediateIdAccess) in n:\nhibernate-core\src\NHibernate\Event\Default\AbstractSaveEventListener.cs:line 187
   at NHibernate.Event.Default.AbstractSaveEventListener.SaveWithGeneratedId(Object entity, String entityName, Object anything, IEventSource source, Boolean requiresImmediateIdAccess) in n:\nhibernate-core\src\NHibernate\Event\Default\AbstractSaveEventListener.cs:line 119
   at NHibernate.Event.Default.DefaultSaveOrUpdateEventListener.SaveWithGeneratedOrRequestedId(SaveOrUpdateEvent event) in n:\nhibernate-core\src\NHibernate\Event\Default\DefaultSaveOrUpdateEventListener.cs:line 164
   at NHibernate.Event.Default.DefaultSaveOrUpdateEventListener.EntityIsTransient(SaveOrUpdateEvent event) in n:\nhibernate-core\src\NHibernate\Event\Default\DefaultSaveOrUpdateEventListener.cs:line 148
   at NHibernate.Event.Default.DefaultSaveEventListener.PerformSaveOrUpdate(SaveOrUpdateEvent event) in n:\nhibernate-core\src\NHibernate\Event\Default\DefaultSaveEventListener.cs:line 21
   at NHibernate.Event.Default.DefaultSaveOrUpdateEventListener.OnSaveOrUpdate(SaveOrUpdateEvent event) in n:\nhibernate-core\src\NHibernate\Event\Default\DefaultSaveOrUpdateEventListener.cs:line 53
   at NHibernate.Impl.SessionImpl.FireSave(SaveOrUpdateEvent event) in n:\nhibernate-core\src\NHibernate\Impl\SessionImpl.cs:line 2533
   at NHibernate.Impl.SessionImpl.Save(Object obj) in n:\nhibernate-core\src\NHibernate\Impl\SessionImpl.cs:line 489
   at QLSV.Core.Service.QuanlysinhvienSevice.Them[T](IEnumerable`1 list) in C:\Users\pc\Desktop\QLSV\QLSV.Core\Service\QueryStringSerice.cs:line 53System.Object PerformInsert(NHibernate.SqlCommand.SqlCommandInfo, NHibernate.Engine.ISessionImplementor, NHibernate.Id.Insert.IBinder)System.Data.SqlClient.SqlException (0x80131904): Violation of UNIQUE KEY constraint 'UQ_MaSinhVien'. Cannot insert duplicate key in object 'dbo.SinhVien'.
The statement has been terminated.
   at System.Data.SqlClient.SqlConnection.OnError(SqlException exception, Boolean breakConnection, Action`1 wrapCloseInAction)
   at System.Data.SqlClient.SqlInternalConnection.OnError(SqlException exception, Boolean breakConnection, Action`1 wrapCloseInAction)
   at System.Data.SqlClient.TdsParser.ThrowExceptionAndWarning(TdsParserStateObject stateObj, Boolean callerHasConnectionLock, Boolean asyncClose)
   at System.Data.SqlClient.TdsParser.TryRun(RunBehavior runBehavior, SqlCommand cmdHandler, SqlDataReader dataStream, BulkCopySimpleResultSet bulkCopyHandler, TdsParserStateObject stateObj, Boolean& dataReady)
   at System.Data.SqlClient.SqlDataReader.TryConsumeMetaData()
   at System.Data.SqlClient.SqlDataReader.get_MetaData()
   at System.Data.SqlClient.SqlCommand.FinishExecuteReader(SqlDataReader ds, RunBehavior runBehavior, String resetOptionsString)
   at System.Data.SqlClient.SqlCommand.RunExecuteReaderTds(CommandBehavior cmdBehavior, RunBehavior runBehavior, Boolean returnStream, Boolean async, Int32 timeout, Task& task, Boolean asyncWrite, SqlDataReader ds)
   at System.Data.SqlClient.SqlCommand.RunExecuteReader(CommandBehavior cmdBehavior, RunBehavior runBehavior, Boolean returnStream, String method, TaskCompletionSource`1 completion, Int32 timeout, Task& task, Boolean asyncWrite)
   at System.Data.SqlClient.SqlCommand.RunExecuteReader(CommandBehavior cmdBehavior, RunBehavior runBehavior, Boolean returnStream, String method)
   at System.Data.SqlClient.SqlCommand.ExecuteReader(CommandBehavior behavior, String method)
   at System.Data.SqlClient.SqlCommand.ExecuteDbDataReader(CommandBehavior behavior)
   at System.Data.Common.DbCommand.System.Data.IDbCommand.ExecuteReader()
   at NHibernate.AdoNet.AbstractBatcher.ExecuteReader(IDbCommand cmd) in n:\nhibernate-core\src\NHibernate\AdoNet\AbstractBatcher.cs:line 228
   at NHibernate.Id.IdentityGenerator.InsertSelectDelegate.ExecuteAndExtract(IDbCommand insert, ISessionImplementor session) in n:\nhibernate-core\src\NHibernate\Id\IdentityGenerator.cs:line 74
   at NHibernate.Id.Insert.AbstractReturningDelegate.PerformInsert(SqlCommandInfo insertSQL, ISessionImplementor session, IBinder binder) in n:\nhibernate-core\src\NHibernate\Id\Insert\AbstractReturningDelegate.cs:line 42
ClientConnectionId:897f0840-1a0f-4382-81a5-a703f06bf430
