01:07:36 Index was outside the bounds of the array.
System.Windows.Forms
   at System.Windows.Forms.ErrorProvider.IconRegion.get_Region()
   at System.Windows.Forms.ErrorProvider.ErrorWindow.Update(Boolean timerCaused)
   at System.Windows.Forms.ErrorProvider.ErrorWindow.Add(ControlItem item)
   at System.Windows.Forms.ErrorProvider.ControlItem.AddToWindow()
   at System.Windows.Forms.ErrorProvider.ControlItem.OnCreateHandle(Object sender, EventArgs e)
   at System.Windows.Forms.Control.OnHandleCreated(EventArgs e)
   at System.Windows.Forms.TextBoxBase.OnHandleCreated(EventArgs e)
   at System.Windows.Forms.TextBox.OnHandleCreated(EventArgs e)
   at System.Windows.Forms.Control.WmCreate(Message& m)
   at System.Windows.Forms.Control.WndProc(Message& m)
   at System.Windows.Forms.TextBoxBase.WndProc(Message& m)
   at System.Windows.Forms.TextBox.WndProc(Message& m)
   at System.Windows.Forms.Control.ControlNativeWindow.OnMessage(Message& m)
   at System.Windows.Forms.Control.ControlNativeWindow.WndProc(Message& m)
   at System.Windows.Forms.NativeWindow.DebuggableCallback(IntPtr hWnd, Int32 msg, IntPtr wparam, IntPtr lparam)
   at System.Windows.Forms.UnsafeNativeMethods.IntCreateWindowEx(Int32 dwExStyle, String lpszClassName, String lpszWindowName, Int32 style, Int32 x, Int32 y, Int32 width, Int32 height, HandleRef hWndParent, HandleRef hMenu, HandleRef hInst, Object pvParam)
   at System.Windows.Forms.UnsafeNativeMethods.CreateWindowEx(Int32 dwExStyle, String lpszClassName, String lpszWindowName, Int32 style, Int32 x, Int32 y, Int32 width, Int32 height, HandleRef hWndParent, HandleRef hMenu, HandleRef hInst, Object pvParam)
   at System.Windows.Forms.NativeWindow.CreateHandle(CreateParams cp)
   at System.Windows.Forms.Control.CreateHandle()
   at System.Windows.Forms.TextBoxBase.CreateHandle()
   at System.Windows.Forms.Control.CreateControl(Boolean fIgnoreVisible)
   at System.Windows.Forms.Control.CreateControl(Boolean fIgnoreVisible)
   at System.Windows.Forms.Control.CreateControl(Boolean fIgnoreVisible)
   at System.Windows.Forms.Control.CreateControl()
   at System.Windows.Forms.Control.WmShowWindow(Message& m)
   at System.Windows.Forms.Control.WndProc(Message& m)
   at System.Windows.Forms.ScrollableControl.WndProc(Message& m)
   at System.Windows.Forms.ContainerControl.WndProc(Message& m)
   at System.Windows.Forms.Form.WmShowWindow(Message& m)
   at System.Windows.Forms.Form.WndProc(Message& m)
   at System.Windows.Forms.Control.ControlNativeWindow.OnMessage(Message& m)
   at System.Windows.Forms.Control.ControlNativeWindow.WndProc(Message& m)
   at System.Windows.Forms.NativeWindow.DebuggableCallback(IntPtr hWnd, Int32 msg, IntPtr wparam, IntPtr lparam)
   at System.Windows.Forms.SafeNativeMethods.ShowWindow(HandleRef hWnd, Int32 nCmdShow)
   at System.Windows.Forms.Control.SetVisibleCore(Boolean value)
   at System.Windows.Forms.Form.SetVisibleCore(Boolean value)
   at System.Windows.Forms.Control.set_Visible(Boolean value)
   at System.Windows.Forms.Application.ThreadContext.RunMessageLoopInner(Int32 reason, ApplicationContext context)
   at System.Windows.Forms.Application.ThreadContext.RunMessageLoop(Int32 reason, ApplicationContext context)
   at System.Windows.Forms.Application.RunDialog(Form form)
   at System.Windows.Forms.Form.ShowDialog(IWin32Window owner)
   at System.Windows.Forms.Form.ShowDialog()
   at QLSV.Frm.FrmMain.FrmMain_Load(Object sender, EventArgs e) in D:\HocTap\Project_GoogleCode\QLSV\QLSV.Frm\frmMain.cs:line 121System.Drawing.Region get_Region()
01:09:43 Index was outside the bounds of the array.
System.Windows.Forms
   at System.Windows.Forms.ErrorProvider.IconRegion.get_Region()
   at System.Windows.Forms.ErrorProvider.ErrorWindow.Update(Boolean timerCaused)
   at System.Windows.Forms.ErrorProvider.ErrorWindow.Add(ControlItem item)
   at System.Windows.Forms.ErrorProvider.ControlItem.AddToWindow()
   at System.Windows.Forms.ErrorProvider.ControlItem.OnCreateHandle(Object sender, EventArgs e)
   at System.Windows.Forms.Control.OnHandleCreated(EventArgs e)
   at System.Windows.Forms.TextBoxBase.OnHandleCreated(EventArgs e)
   at System.Windows.Forms.TextBox.OnHandleCreated(EventArgs e)
   at System.Windows.Forms.Control.WmCreate(Message& m)
   at System.Windows.Forms.Control.WndProc(Message& m)
   at System.Windows.Forms.TextBoxBase.WndProc(Message& m)
   at System.Windows.Forms.TextBox.WndProc(Message& m)
   at System.Windows.Forms.Control.ControlNativeWindow.OnMessage(Message& m)
   at System.Windows.Forms.Control.ControlNativeWindow.WndProc(Message& m)
   at System.Windows.Forms.NativeWindow.DebuggableCallback(IntPtr hWnd, Int32 msg, IntPtr wparam, IntPtr lparam)
   at System.Windows.Forms.UnsafeNativeMethods.IntCreateWindowEx(Int32 dwExStyle, String lpszClassName, String lpszWindowName, Int32 style, Int32 x, Int32 y, Int32 width, Int32 height, HandleRef hWndParent, HandleRef hMenu, HandleRef hInst, Object pvParam)
   at System.Windows.Forms.UnsafeNativeMethods.CreateWindowEx(Int32 dwExStyle, String lpszClassName, String lpszWindowName, Int32 style, Int32 x, Int32 y, Int32 width, Int32 height, HandleRef hWndParent, HandleRef hMenu, HandleRef hInst, Object pvParam)
   at System.Windows.Forms.NativeWindow.CreateHandle(CreateParams cp)
   at System.Windows.Forms.Control.CreateHandle()
   at System.Windows.Forms.TextBoxBase.CreateHandle()
   at System.Windows.Forms.Control.CreateControl(Boolean fIgnoreVisible)
   at System.Windows.Forms.Control.CreateControl(Boolean fIgnoreVisible)
   at System.Windows.Forms.Control.CreateControl(Boolean fIgnoreVisible)
   at System.Windows.Forms.Control.CreateControl()
   at System.Windows.Forms.Control.WmShowWindow(Message& m)
   at System.Windows.Forms.Control.WndProc(Message& m)
   at System.Windows.Forms.ScrollableControl.WndProc(Message& m)
   at System.Windows.Forms.ContainerControl.WndProc(Message& m)
   at System.Windows.Forms.Form.WmShowWindow(Message& m)
   at System.Windows.Forms.Form.WndProc(Message& m)
   at System.Windows.Forms.Control.ControlNativeWindow.OnMessage(Message& m)
   at System.Windows.Forms.Control.ControlNativeWindow.WndProc(Message& m)
   at System.Windows.Forms.NativeWindow.DebuggableCallback(IntPtr hWnd, Int32 msg, IntPtr wparam, IntPtr lparam)
   at System.Windows.Forms.SafeNativeMethods.ShowWindow(HandleRef hWnd, Int32 nCmdShow)
   at System.Windows.Forms.Control.SetVisibleCore(Boolean value)
   at System.Windows.Forms.Form.SetVisibleCore(Boolean value)
   at System.Windows.Forms.Control.set_Visible(Boolean value)
   at System.Windows.Forms.Application.ThreadContext.RunMessageLoopInner(Int32 reason, ApplicationContext context)
   at System.Windows.Forms.Application.ThreadContext.RunMessageLoop(Int32 reason, ApplicationContext context)
   at System.Windows.Forms.Application.RunDialog(Form form)
   at System.Windows.Forms.Form.ShowDialog(IWin32Window owner)
   at System.Windows.Forms.Form.ShowDialog()
   at QLSV.Frm.FrmMain.FrmMain_Load(Object sender, EventArgs e) in D:\HocTap\Project_GoogleCode\QLSV\QLSV.Frm\frmMain.cs:line 121System.Drawing.Region get_Region()
23:06:34 Object reference not set to an instance of an object.
QLSV.Frm
   at QLSV.Frm.Frm.FrmQuanLyNguoiDung.uG_DanhSach_DoubleClick(Object sender, EventArgs e) in D:\HocTap\Project_GoogleCode\QLSV\QLSV.Frm\Frm\FrmQuanLyNguoiDung.cs:line 356Void uG_DanhSach_DoubleClick(System.Object, System.EventArgs)
23:06:36 Object reference not set to an instance of an object.
QLSV.Frm
   at QLSV.Frm.Frm.FrmQuanLyNguoiDung.uG_DanhSach_DoubleClick(Object sender, EventArgs e) in D:\HocTap\Project_GoogleCode\QLSV\QLSV.Frm\Frm\FrmQuanLyNguoiDung.cs:line 356Void uG_DanhSach_DoubleClick(System.Object, System.EventArgs)
23:06:39 Object reference not set to an instance of an object.
QLSV.Frm
   at QLSV.Frm.Frm.FrmQuanLyNguoiDung.uG_DanhSach_DoubleClick(Object sender, EventArgs e) in D:\HocTap\Project_GoogleCode\QLSV\QLSV.Frm\Frm\FrmQuanLyNguoiDung.cs:line 356Void uG_DanhSach_DoubleClick(System.Object, System.EventArgs)
23:12:45 Object reference not set to an instance of an object.
QLSV.Frm
   at QLSV.Frm.Frm.FrmQuanLyNguoiDung.uG_DanhSach_DoubleClick(Object sender, EventArgs e)Void uG_DanhSach_DoubleClick(System.Object, System.EventArgs)
