09:44:22 String was not recognized as a valid DateTime.
mscorlib
   at System.DateTimeParse.Parse(String s, DateTimeFormatInfo dtfi, DateTimeStyles styles)
   at System.DateTime.Parse(String s)
   at QLSV.Frm.Frm.FrmQuanLyKyThi.Save() in D:\HocTap\Project_GoogleCode\QLSV\QLSV.Frm\Frm\FrmQuanLyKyThi.cs:line 105System.DateTime Parse(System.String, System.Globalization.DateTimeFormatInfo, System.Globalization.DateTimeStyles)
09:44:34 Input string was not in a correct format.
mscorlib
   at System.Number.StringToNumber(String str, NumberStyles options, NumberBuffer& number, NumberFormatInfo info, Boolean parseDecimal)
   at System.Number.ParseInt32(String s, NumberStyles style, NumberFormatInfo info)
   at System.Int32.Parse(String s)
   at QLSV.Frm.Frm.FrmQuanLyKyThi.Save() in D:\HocTap\Project_GoogleCode\QLSV\QLSV.Frm\Frm\FrmQuanLyKyThi.cs:line 105Void StringToNumber(System.String, System.Globalization.NumberStyles, NumberBuffer ByRef, System.Globalization.NumberFormatInfo, Boolean)
14:04:44 String was not recognized as a valid DateTime.
mscorlib
   at System.DateTimeParse.Parse(String s, DateTimeFormatInfo dtfi, DateTimeStyles styles)
   at System.DateTime.Parse(String s)
   at QLSV.Frm.Frm.FrmQuanLyKyThi.Save() in D:\HocTap\Project_GoogleCode\QLSV\QLSV.Frm\Frm\FrmQuanLyKyThi.cs:line 105System.DateTime Parse(System.String, System.Globalization.DateTimeFormatInfo, System.Globalization.DateTimeStyles)
14:05:14 a different object with the same identifier value was already associated with the session: 6, of entity: QLSV.Core.Domain.Kythi
NHibernate
   at NHibernate.Engine.StatefulPersistenceContext.CheckUniqueness(EntityKey key, Object obj) in n:\nhibernate-core\src\NHibernate\Engine\StatefulPersistenceContext.cs:line 694
   at NHibernate.Event.Default.DefaultSaveOrUpdateEventListener.PerformUpdate(SaveOrUpdateEvent event, Object entity, IEntityPersister persister) in n:\nhibernate-core\src\NHibernate\Event\Default\DefaultSaveOrUpdateEventListener.cs:line 234
   at NHibernate.Event.Default.DefaultSaveOrUpdateEventListener.EntityIsDetached(SaveOrUpdateEvent event) in n:\nhibernate-core\src\NHibernate\Event\Default\DefaultSaveOrUpdateEventListener.cs:line 193
   at NHibernate.Event.Default.DefaultUpdateEventListener.PerformSaveOrUpdate(SaveOrUpdateEvent event) in n:\nhibernate-core\src\NHibernate\Event\Default\DefaultUpdateEventListener.cs:line 29
   at NHibernate.Event.Default.DefaultSaveOrUpdateEventListener.OnSaveOrUpdate(SaveOrUpdateEvent event) in n:\nhibernate-core\src\NHibernate\Event\Default\DefaultSaveOrUpdateEventListener.cs:line 53
   at NHibernate.Impl.SessionImpl.FireUpdate(SaveOrUpdateEvent event) in n:\nhibernate-core\src\NHibernate\Impl\SessionImpl.cs:line 2560
   at NHibernate.Impl.SessionImpl.Update(Object obj) in n:\nhibernate-core\src\NHibernate\Impl\SessionImpl.cs:line 547
   at QLSV.Core.Service.KyThiService.SuaKyThi(IEnumerable`1 list) in D:\HocTap\Project_GoogleCode\QLSV\QLSV.Core\Service\KyThiService.cs:line 72Void CheckUniqueness(NHibernate.Engine.EntityKey, System.Object)
14:07:51 String was not recognized as a valid DateTime.
mscorlib
   at System.DateTimeParse.Parse(String s, DateTimeFormatInfo dtfi, DateTimeStyles styles)
   at System.DateTime.Parse(String s)
   at QLSV.Frm.Frm.FrmQuanLyKyThi.Save() in D:\HocTap\Project_GoogleCode\QLSV\QLSV.Frm\Frm\FrmQuanLyKyThi.cs:line 105System.DateTime Parse(System.String, System.Globalization.DateTimeFormatInfo, System.Globalization.DateTimeStyles)
14:07:57 a different object with the same identifier value was already associated with the session: 6, of entity: QLSV.Core.Domain.Kythi
NHibernate
   at NHibernate.Engine.StatefulPersistenceContext.CheckUniqueness(EntityKey key, Object obj) in n:\nhibernate-core\src\NHibernate\Engine\StatefulPersistenceContext.cs:line 694
   at NHibernate.Event.Default.DefaultSaveOrUpdateEventListener.PerformUpdate(SaveOrUpdateEvent event, Object entity, IEntityPersister persister) in n:\nhibernate-core\src\NHibernate\Event\Default\DefaultSaveOrUpdateEventListener.cs:line 234
   at NHibernate.Event.Default.DefaultSaveOrUpdateEventListener.EntityIsDetached(SaveOrUpdateEvent event) in n:\nhibernate-core\src\NHibernate\Event\Default\DefaultSaveOrUpdateEventListener.cs:line 193
   at NHibernate.Event.Default.DefaultSaveOrUpdateEventListener.PerformSaveOrUpdate(SaveOrUpdateEvent event) in n:\nhibernate-core\src\NHibernate\Event\Default\DefaultSaveOrUpdateEventListener.cs:line 69
   at NHibernate.Event.Default.DefaultSaveOrUpdateEventListener.OnSaveOrUpdate(SaveOrUpdateEvent event) in n:\nhibernate-core\src\NHibernate\Event\Default\DefaultSaveOrUpdateEventListener.cs:line 53
   at NHibernate.Impl.SessionImpl.FireSaveOrUpdate(SaveOrUpdateEvent event) in n:\nhibernate-core\src\NHibernate\Impl\SessionImpl.cs:line 2547
   at NHibernate.Impl.SessionImpl.SaveOrUpdate(Object obj) in n:\nhibernate-core\src\NHibernate\Impl\SessionImpl.cs:line 571
   at QLSV.Core.Service.KyThiService.ThemSuaKyThi(IEnumerable`1 list) in D:\HocTap\Project_GoogleCode\QLSV\QLSV.Core\Service\KyThiService.cs:line 53Void CheckUniqueness(NHibernate.Engine.EntityKey, System.Object)
14:08:22 String was not recognized as a valid DateTime.
mscorlib
   at System.DateTimeParse.Parse(String s, DateTimeFormatInfo dtfi, DateTimeStyles styles)
   at System.DateTime.Parse(String s)
   at QLSV.Frm.Frm.FrmQuanLyKyThi.Save() in D:\HocTap\Project_GoogleCode\QLSV\QLSV.Frm\Frm\FrmQuanLyKyThi.cs:line 105System.DateTime Parse(System.String, System.Globalization.DateTimeFormatInfo, System.Globalization.DateTimeStyles)
14:08:27 Input string was not in a correct format.
mscorlib
   at System.Number.StringToNumber(String str, NumberStyles options, NumberBuffer& number, NumberFormatInfo info, Boolean parseDecimal)
   at System.Number.ParseInt32(String s, NumberStyles style, NumberFormatInfo info)
   at System.Int32.Parse(String s)
   at QLSV.Frm.Frm.FrmQuanLyKyThi.Save() in D:\HocTap\Project_GoogleCode\QLSV\QLSV.Frm\Frm\FrmQuanLyKyThi.cs:line 105Void StringToNumber(System.String, System.Globalization.NumberStyles, NumberBuffer ByRef, System.Globalization.NumberFormatInfo, Boolean)
14:08:31 Input string was not in a correct format.
mscorlib
   at System.Number.StringToNumber(String str, NumberStyles options, NumberBuffer& number, NumberFormatInfo info, Boolean parseDecimal)
   at System.Number.ParseInt32(String s, NumberStyles style, NumberFormatInfo info)
   at System.Int32.Parse(String s)
   at QLSV.Frm.Frm.FrmQuanLyKyThi.Save() in D:\HocTap\Project_GoogleCode\QLSV\QLSV.Frm\Frm\FrmQuanLyKyThi.cs:line 105Void StringToNumber(System.String, System.Globalization.NumberStyles, NumberBuffer ByRef, System.Globalization.NumberFormatInfo, Boolean)
14:08:35 a different object with the same identifier value was already associated with the session: 6, of entity: QLSV.Core.Domain.Kythi
NHibernate
   at NHibernate.Engine.StatefulPersistenceContext.CheckUniqueness(EntityKey key, Object obj) in n:\nhibernate-core\src\NHibernate\Engine\StatefulPersistenceContext.cs:line 694
   at NHibernate.Event.Default.DefaultSaveOrUpdateEventListener.PerformUpdate(SaveOrUpdateEvent event, Object entity, IEntityPersister persister) in n:\nhibernate-core\src\NHibernate\Event\Default\DefaultSaveOrUpdateEventListener.cs:line 234
   at NHibernate.Event.Default.DefaultSaveOrUpdateEventListener.EntityIsDetached(SaveOrUpdateEvent event) in n:\nhibernate-core\src\NHibernate\Event\Default\DefaultSaveOrUpdateEventListener.cs:line 193
   at NHibernate.Event.Default.DefaultSaveOrUpdateEventListener.PerformSaveOrUpdate(SaveOrUpdateEvent event) in n:\nhibernate-core\src\NHibernate\Event\Default\DefaultSaveOrUpdateEventListener.cs:line 69
   at NHibernate.Event.Default.DefaultSaveOrUpdateEventListener.OnSaveOrUpdate(SaveOrUpdateEvent event) in n:\nhibernate-core\src\NHibernate\Event\Default\DefaultSaveOrUpdateEventListener.cs:line 53
   at NHibernate.Impl.SessionImpl.FireSaveOrUpdate(SaveOrUpdateEvent event) in n:\nhibernate-core\src\NHibernate\Impl\SessionImpl.cs:line 2547
   at NHibernate.Impl.SessionImpl.SaveOrUpdate(Object obj) in n:\nhibernate-core\src\NHibernate\Impl\SessionImpl.cs:line 571
   at QLSV.Core.Service.KyThiService.ThemSuaKyThi(IEnumerable`1 list) in D:\HocTap\Project_GoogleCode\QLSV\QLSV.Core\Service\KyThiService.cs:line 53Void CheckUniqueness(NHibernate.Engine.EntityKey, System.Object)
22:31:32 could not locate named parameter [a]
NHibernate
   at NHibernate.Engine.Query.ParameterMetadata.GetNamedParameterDescriptor(String name) in n:\nhibernate-core\src\NHibernate\Engine\Query\ParameterMetadata.cs:line 53
   at NHibernate.Engine.Query.ParameterMetadata.GetNamedParameterExpectedType(String name) in n:\nhibernate-core\src\NHibernate\Engine\Query\ParameterMetadata.cs:line 61
   at NHibernate.Impl.AbstractQueryImpl.SetParameter[T](String name, T val) in n:\nhibernate-core\src\NHibernate\Impl\AbstractQueryImpl.cs:line 330
   at QLSV.Core.Service.TaiKhoanService.<>c__DisplayClass2.<SuaTaiKhoan>b__0(Taikhoan item) in C:\Users\pc\Desktop\QLSV\QLSV.Core\Service\TaiKhoanService.cs:line 93
   at System.Linq.Enumerable.WhereSelectListIterator`2.MoveNext()
   at QLSV.Core.Service.TaiKhoanService.SuaTaiKhoan(IEnumerable`1 list) in C:\Users\pc\Desktop\QLSV\QLSV.Core\Service\TaiKhoanService.cs:line 93NHibernate.Engine.Query.NamedParameterDescriptor GetNamedParameterDescriptor(System.String)
22:31:44 could not locate named parameter [a]
NHibernate
   at NHibernate.Engine.Query.ParameterMetadata.GetNamedParameterDescriptor(String name) in n:\nhibernate-core\src\NHibernate\Engine\Query\ParameterMetadata.cs:line 53
   at NHibernate.Engine.Query.ParameterMetadata.GetNamedParameterExpectedType(String name) in n:\nhibernate-core\src\NHibernate\Engine\Query\ParameterMetadata.cs:line 61
   at NHibernate.Impl.AbstractQueryImpl.SetParameter[T](String name, T val) in n:\nhibernate-core\src\NHibernate\Impl\AbstractQueryImpl.cs:line 330
   at QLSV.Core.Service.TaiKhoanService.<>c__DisplayClass2.<SuaTaiKhoan>b__0(Taikhoan item) in C:\Users\pc\Desktop\QLSV\QLSV.Core\Service\TaiKhoanService.cs:line 93
   at System.Linq.Enumerable.WhereSelectListIterator`2.MoveNext()
   at QLSV.Core.Service.TaiKhoanService.SuaTaiKhoan(IEnumerable`1 list) in C:\Users\pc\Desktop\QLSV\QLSV.Core\Service\TaiKhoanService.cs:line 93NHibernate.Engine.Query.NamedParameterDescriptor GetNamedParameterDescriptor(System.String)
