09:44:48 Failed to convert parameter value from a String to a Int32.
System.Data
   at System.Data.SqlClient.SqlParameter.CoerceValue(Object value, MetaType destinationType, Boolean& coercedToDataFeed, Boolean& typeChanged, Boolean allowStreaming)
   at System.Data.SqlClient.SqlParameter.GetCoercedValue()
   at System.Data.SqlClient.SqlParameter.Validate(Int32 index, Boolean isCommandProc)
   at System.Data.SqlClient.SqlCommand.BuildParamList(TdsParser parser, SqlParameterCollection parameters)
   at System.Data.SqlClient.SqlCommand.BuildExecuteSql(CommandBehavior behavior, String commandText, SqlParameterCollection parameters, _SqlRPC& rpc)
   at System.Data.SqlClient.SqlCommand.RunExecuteReaderTds(CommandBehavior cmdBehavior, RunBehavior runBehavior, Boolean returnStream, Boolean async, Int32 timeout, Task& task, Boolean asyncWrite, SqlDataReader ds)
   at System.Data.SqlClient.SqlCommand.RunExecuteReader(CommandBehavior cmdBehavior, RunBehavior runBehavior, Boolean returnStream, String method, TaskCompletionSource`1 completion, Int32 timeout, Task& task, Boolean asyncWrite)
   at System.Data.SqlClient.SqlCommand.InternalExecuteNonQuery(TaskCompletionSource`1 completion, String methodName, Boolean sendToPipe, Int32 timeout, Boolean asyncWrite)
   at System.Data.SqlClient.SqlCommand.ExecuteNonQuery()
   at NHibernate.AdoNet.AbstractBatcher.ExecuteNonQuery(IDbCommand cmd)
   at NHibernate.Hql.Ast.ANTLR.Exec.BasicExecutor.Execute(QueryParameters parameters, ISessionImplementor session)
   at NHibernate.Hql.Ast.ANTLR.QueryTranslatorImpl.ExecuteUpdate(QueryParameters queryParameters, ISessionImplementor session)
   at NHibernate.Engine.Query.HQLQueryPlan.PerformExecuteUpdate(QueryParameters queryParameters, ISessionImplementor session)
   at NHibernate.Impl.SessionImpl.ExecuteUpdate(String query, QueryParameters queryParameters)
   at NHibernate.Impl.QueryImpl.ExecuteUpdate()
   at QLSV.Core.Service.TaiKhoanService.XoaTaiKhoan() in D:\HocTap\Project_GoogleCode\QLSV\QLSV.Core\Service\TaiKhoanService.cs:line 160System.Object CoerceValue(System.Object, System.Data.SqlClient.MetaType, Boolean ByRef, Boolean ByRef, Boolean)System.FormatException: Input string was not in a correct format.
   at System.Number.StringToNumber(String str, NumberStyles options, NumberBuffer& number, NumberFormatInfo info, Boolean parseDecimal)
   at System.Number.ParseInt32(String s, NumberStyles style, NumberFormatInfo info)
   at System.String.System.IConvertible.ToInt32(IFormatProvider provider)
   at System.Convert.ChangeType(Object value, Type conversionType, IFormatProvider provider)
   at System.Data.SqlClient.SqlParameter.CoerceValue(Object value, MetaType destinationType, Boolean& coercedToDataFeed, Boolean& typeChanged, Boolean allowStreaming)
09:44:49 Failed to convert parameter value from a String to a Int32.
System.Data
   at System.Data.SqlClient.SqlParameter.CoerceValue(Object value, MetaType destinationType, Boolean& coercedToDataFeed, Boolean& typeChanged, Boolean allowStreaming)
   at System.Data.SqlClient.SqlParameter.GetCoercedValue()
   at System.Data.SqlClient.SqlParameter.Validate(Int32 index, Boolean isCommandProc)
   at System.Data.SqlClient.SqlCommand.BuildParamList(TdsParser parser, SqlParameterCollection parameters)
   at System.Data.SqlClient.SqlCommand.BuildExecuteSql(CommandBehavior behavior, String commandText, SqlParameterCollection parameters, _SqlRPC& rpc)
   at System.Data.SqlClient.SqlCommand.RunExecuteReaderTds(CommandBehavior cmdBehavior, RunBehavior runBehavior, Boolean returnStream, Boolean async, Int32 timeout, Task& task, Boolean asyncWrite, SqlDataReader ds)
   at System.Data.SqlClient.SqlCommand.RunExecuteReader(CommandBehavior cmdBehavior, RunBehavior runBehavior, Boolean returnStream, String method, TaskCompletionSource`1 completion, Int32 timeout, Task& task, Boolean asyncWrite)
   at System.Data.SqlClient.SqlCommand.InternalExecuteNonQuery(TaskCompletionSource`1 completion, String methodName, Boolean sendToPipe, Int32 timeout, Boolean asyncWrite)
   at System.Data.SqlClient.SqlCommand.ExecuteNonQuery()
   at NHibernate.AdoNet.AbstractBatcher.ExecuteNonQuery(IDbCommand cmd)
   at NHibernate.Hql.Ast.ANTLR.Exec.BasicExecutor.Execute(QueryParameters parameters, ISessionImplementor session)
   at NHibernate.Hql.Ast.ANTLR.QueryTranslatorImpl.ExecuteUpdate(QueryParameters queryParameters, ISessionImplementor session)
   at NHibernate.Engine.Query.HQLQueryPlan.PerformExecuteUpdate(QueryParameters queryParameters, ISessionImplementor session)
   at NHibernate.Impl.SessionImpl.ExecuteUpdate(String query, QueryParameters queryParameters)
   at NHibernate.Impl.QueryImpl.ExecuteUpdate()
   at QLSV.Core.Service.TaiKhoanService.XoaTaiKhoan() in D:\HocTap\Project_GoogleCode\QLSV\QLSV.Core\Service\TaiKhoanService.cs:line 160System.Object CoerceValue(System.Object, System.Data.SqlClient.MetaType, Boolean ByRef, Boolean ByRef, Boolean)System.FormatException: Input string was not in a correct format.
   at System.Number.StringToNumber(String str, NumberStyles options, NumberBuffer& number, NumberFormatInfo info, Boolean parseDecimal)
   at System.Number.ParseInt32(String s, NumberStyles style, NumberFormatInfo info)
   at System.String.System.IConvertible.ToInt32(IFormatProvider provider)
   at System.Convert.ChangeType(Object value, Type conversionType, IFormatProvider provider)
   at System.Data.SqlClient.SqlParameter.CoerceValue(Object value, MetaType destinationType, Boolean& coercedToDataFeed, Boolean& typeChanged, Boolean allowStreaming)
09:44:49 Failed to convert parameter value from a String to a Int32.
System.Data
   at System.Data.SqlClient.SqlParameter.CoerceValue(Object value, MetaType destinationType, Boolean& coercedToDataFeed, Boolean& typeChanged, Boolean allowStreaming)
   at System.Data.SqlClient.SqlParameter.GetCoercedValue()
   at System.Data.SqlClient.SqlParameter.Validate(Int32 index, Boolean isCommandProc)
   at System.Data.SqlClient.SqlCommand.BuildParamList(TdsParser parser, SqlParameterCollection parameters)
   at System.Data.SqlClient.SqlCommand.BuildExecuteSql(CommandBehavior behavior, String commandText, SqlParameterCollection parameters, _SqlRPC& rpc)
   at System.Data.SqlClient.SqlCommand.RunExecuteReaderTds(CommandBehavior cmdBehavior, RunBehavior runBehavior, Boolean returnStream, Boolean async, Int32 timeout, Task& task, Boolean asyncWrite, SqlDataReader ds)
   at System.Data.SqlClient.SqlCommand.RunExecuteReader(CommandBehavior cmdBehavior, RunBehavior runBehavior, Boolean returnStream, String method, TaskCompletionSource`1 completion, Int32 timeout, Task& task, Boolean asyncWrite)
   at System.Data.SqlClient.SqlCommand.InternalExecuteNonQuery(TaskCompletionSource`1 completion, String methodName, Boolean sendToPipe, Int32 timeout, Boolean asyncWrite)
   at System.Data.SqlClient.SqlCommand.ExecuteNonQuery()
   at NHibernate.AdoNet.AbstractBatcher.ExecuteNonQuery(IDbCommand cmd)
   at NHibernate.Hql.Ast.ANTLR.Exec.BasicExecutor.Execute(QueryParameters parameters, ISessionImplementor session)
   at NHibernate.Hql.Ast.ANTLR.QueryTranslatorImpl.ExecuteUpdate(QueryParameters queryParameters, ISessionImplementor session)
   at NHibernate.Engine.Query.HQLQueryPlan.PerformExecuteUpdate(QueryParameters queryParameters, ISessionImplementor session)
   at NHibernate.Impl.SessionImpl.ExecuteUpdate(String query, QueryParameters queryParameters)
   at NHibernate.Impl.QueryImpl.ExecuteUpdate()
   at QLSV.Core.Service.TaiKhoanService.XoaTaiKhoan() in D:\HocTap\Project_GoogleCode\QLSV\QLSV.Core\Service\TaiKhoanService.cs:line 160System.Object CoerceValue(System.Object, System.Data.SqlClient.MetaType, Boolean ByRef, Boolean ByRef, Boolean)System.FormatException: Input string was not in a correct format.
   at System.Number.StringToNumber(String str, NumberStyles options, NumberBuffer& number, NumberFormatInfo info, Boolean parseDecimal)
   at System.Number.ParseInt32(String s, NumberStyles style, NumberFormatInfo info)
   at System.String.System.IConvertible.ToInt32(IFormatProvider provider)
   at System.Convert.ChangeType(Object value, Type conversionType, IFormatProvider provider)
   at System.Data.SqlClient.SqlParameter.CoerceValue(Object value, MetaType destinationType, Boolean& coercedToDataFeed, Boolean& typeChanged, Boolean allowStreaming)
09:44:49 Failed to convert parameter value from a String to a Int32.
System.Data
   at System.Data.SqlClient.SqlParameter.CoerceValue(Object value, MetaType destinationType, Boolean& coercedToDataFeed, Boolean& typeChanged, Boolean allowStreaming)
   at System.Data.SqlClient.SqlParameter.GetCoercedValue()
   at System.Data.SqlClient.SqlParameter.Validate(Int32 index, Boolean isCommandProc)
   at System.Data.SqlClient.SqlCommand.BuildParamList(TdsParser parser, SqlParameterCollection parameters)
   at System.Data.SqlClient.SqlCommand.BuildExecuteSql(CommandBehavior behavior, String commandText, SqlParameterCollection parameters, _SqlRPC& rpc)
   at System.Data.SqlClient.SqlCommand.RunExecuteReaderTds(CommandBehavior cmdBehavior, RunBehavior runBehavior, Boolean returnStream, Boolean async, Int32 timeout, Task& task, Boolean asyncWrite, SqlDataReader ds)
   at System.Data.SqlClient.SqlCommand.RunExecuteReader(CommandBehavior cmdBehavior, RunBehavior runBehavior, Boolean returnStream, String method, TaskCompletionSource`1 completion, Int32 timeout, Task& task, Boolean asyncWrite)
   at System.Data.SqlClient.SqlCommand.InternalExecuteNonQuery(TaskCompletionSource`1 completion, String methodName, Boolean sendToPipe, Int32 timeout, Boolean asyncWrite)
   at System.Data.SqlClient.SqlCommand.ExecuteNonQuery()
   at NHibernate.AdoNet.AbstractBatcher.ExecuteNonQuery(IDbCommand cmd)
   at NHibernate.Hql.Ast.ANTLR.Exec.BasicExecutor.Execute(QueryParameters parameters, ISessionImplementor session)
   at NHibernate.Hql.Ast.ANTLR.QueryTranslatorImpl.ExecuteUpdate(QueryParameters queryParameters, ISessionImplementor session)
   at NHibernate.Engine.Query.HQLQueryPlan.PerformExecuteUpdate(QueryParameters queryParameters, ISessionImplementor session)
   at NHibernate.Impl.SessionImpl.ExecuteUpdate(String query, QueryParameters queryParameters)
   at NHibernate.Impl.QueryImpl.ExecuteUpdate()
   at QLSV.Core.Service.TaiKhoanService.XoaTaiKhoan() in D:\HocTap\Project_GoogleCode\QLSV\QLSV.Core\Service\TaiKhoanService.cs:line 160System.Object CoerceValue(System.Object, System.Data.SqlClient.MetaType, Boolean ByRef, Boolean ByRef, Boolean)System.FormatException: Input string was not in a correct format.
   at System.Number.StringToNumber(String str, NumberStyles options, NumberBuffer& number, NumberFormatInfo info, Boolean parseDecimal)
   at System.Number.ParseInt32(String s, NumberStyles style, NumberFormatInfo info)
   at System.String.System.IConvertible.ToInt32(IFormatProvider provider)
   at System.Convert.ChangeType(Object value, Type conversionType, IFormatProvider provider)
   at System.Data.SqlClient.SqlParameter.CoerceValue(Object value, MetaType destinationType, Boolean& coercedToDataFeed, Boolean& typeChanged, Boolean allowStreaming)
09:44:49 Failed to convert parameter value from a String to a Int32.
System.Data
   at System.Data.SqlClient.SqlParameter.CoerceValue(Object value, MetaType destinationType, Boolean& coercedToDataFeed, Boolean& typeChanged, Boolean allowStreaming)
   at System.Data.SqlClient.SqlParameter.GetCoercedValue()
   at System.Data.SqlClient.SqlParameter.Validate(Int32 index, Boolean isCommandProc)
   at System.Data.SqlClient.SqlCommand.BuildParamList(TdsParser parser, SqlParameterCollection parameters)
   at System.Data.SqlClient.SqlCommand.BuildExecuteSql(CommandBehavior behavior, String commandText, SqlParameterCollection parameters, _SqlRPC& rpc)
   at System.Data.SqlClient.SqlCommand.RunExecuteReaderTds(CommandBehavior cmdBehavior, RunBehavior runBehavior, Boolean returnStream, Boolean async, Int32 timeout, Task& task, Boolean asyncWrite, SqlDataReader ds)
   at System.Data.SqlClient.SqlCommand.RunExecuteReader(CommandBehavior cmdBehavior, RunBehavior runBehavior, Boolean returnStream, String method, TaskCompletionSource`1 completion, Int32 timeout, Task& task, Boolean asyncWrite)
   at System.Data.SqlClient.SqlCommand.InternalExecuteNonQuery(TaskCompletionSource`1 completion, String methodName, Boolean sendToPipe, Int32 timeout, Boolean asyncWrite)
   at System.Data.SqlClient.SqlCommand.ExecuteNonQuery()
   at NHibernate.AdoNet.AbstractBatcher.ExecuteNonQuery(IDbCommand cmd)
   at NHibernate.Hql.Ast.ANTLR.Exec.BasicExecutor.Execute(QueryParameters parameters, ISessionImplementor session)
   at NHibernate.Hql.Ast.ANTLR.QueryTranslatorImpl.ExecuteUpdate(QueryParameters queryParameters, ISessionImplementor session)
   at NHibernate.Engine.Query.HQLQueryPlan.PerformExecuteUpdate(QueryParameters queryParameters, ISessionImplementor session)
   at NHibernate.Impl.SessionImpl.ExecuteUpdate(String query, QueryParameters queryParameters)
   at NHibernate.Impl.QueryImpl.ExecuteUpdate()
   at QLSV.Core.Service.TaiKhoanService.XoaTaiKhoan() in D:\HocTap\Project_GoogleCode\QLSV\QLSV.Core\Service\TaiKhoanService.cs:line 160System.Object CoerceValue(System.Object, System.Data.SqlClient.MetaType, Boolean ByRef, Boolean ByRef, Boolean)System.FormatException: Input string was not in a correct format.
   at System.Number.StringToNumber(String str, NumberStyles options, NumberBuffer& number, NumberFormatInfo info, Boolean parseDecimal)
   at System.Number.ParseInt32(String s, NumberStyles style, NumberFormatInfo info)
   at System.String.System.IConvertible.ToInt32(IFormatProvider provider)
   at System.Convert.ChangeType(Object value, Type conversionType, IFormatProvider provider)
   at System.Data.SqlClient.SqlParameter.CoerceValue(Object value, MetaType destinationType, Boolean& coercedToDataFeed, Boolean& typeChanged, Boolean allowStreaming)
09:44:49 Failed to convert parameter value from a String to a Int32.
System.Data
   at System.Data.SqlClient.SqlParameter.CoerceValue(Object value, MetaType destinationType, Boolean& coercedToDataFeed, Boolean& typeChanged, Boolean allowStreaming)
   at System.Data.SqlClient.SqlParameter.GetCoercedValue()
   at System.Data.SqlClient.SqlParameter.Validate(Int32 index, Boolean isCommandProc)
   at System.Data.SqlClient.SqlCommand.BuildParamList(TdsParser parser, SqlParameterCollection parameters)
   at System.Data.SqlClient.SqlCommand.BuildExecuteSql(CommandBehavior behavior, String commandText, SqlParameterCollection parameters, _SqlRPC& rpc)
   at System.Data.SqlClient.SqlCommand.RunExecuteReaderTds(CommandBehavior cmdBehavior, RunBehavior runBehavior, Boolean returnStream, Boolean async, Int32 timeout, Task& task, Boolean asyncWrite, SqlDataReader ds)
   at System.Data.SqlClient.SqlCommand.RunExecuteReader(CommandBehavior cmdBehavior, RunBehavior runBehavior, Boolean returnStream, String method, TaskCompletionSource`1 completion, Int32 timeout, Task& task, Boolean asyncWrite)
   at System.Data.SqlClient.SqlCommand.InternalExecuteNonQuery(TaskCompletionSource`1 completion, String methodName, Boolean sendToPipe, Int32 timeout, Boolean asyncWrite)
   at System.Data.SqlClient.SqlCommand.ExecuteNonQuery()
   at NHibernate.AdoNet.AbstractBatcher.ExecuteNonQuery(IDbCommand cmd)
   at NHibernate.Hql.Ast.ANTLR.Exec.BasicExecutor.Execute(QueryParameters parameters, ISessionImplementor session)
   at NHibernate.Hql.Ast.ANTLR.QueryTranslatorImpl.ExecuteUpdate(QueryParameters queryParameters, ISessionImplementor session)
   at NHibernate.Engine.Query.HQLQueryPlan.PerformExecuteUpdate(QueryParameters queryParameters, ISessionImplementor session)
   at NHibernate.Impl.SessionImpl.ExecuteUpdate(String query, QueryParameters queryParameters)
   at NHibernate.Impl.QueryImpl.ExecuteUpdate()
   at QLSV.Core.Service.TaiKhoanService.XoaTaiKhoan() in D:\HocTap\Project_GoogleCode\QLSV\QLSV.Core\Service\TaiKhoanService.cs:line 160System.Object CoerceValue(System.Object, System.Data.SqlClient.MetaType, Boolean ByRef, Boolean ByRef, Boolean)System.FormatException: Input string was not in a correct format.
   at System.Number.StringToNumber(String str, NumberStyles options, NumberBuffer& number, NumberFormatInfo info, Boolean parseDecimal)
   at System.Number.ParseInt32(String s, NumberStyles style, NumberFormatInfo info)
   at System.String.System.IConvertible.ToInt32(IFormatProvider provider)
   at System.Convert.ChangeType(Object value, Type conversionType, IFormatProvider provider)
   at System.Data.SqlClient.SqlParameter.CoerceValue(Object value, MetaType destinationType, Boolean& coercedToDataFeed, Boolean& typeChanged, Boolean allowStreaming)
09:44:50 Failed to convert parameter value from a String to a Int32.
System.Data
   at System.Data.SqlClient.SqlParameter.CoerceValue(Object value, MetaType destinationType, Boolean& coercedToDataFeed, Boolean& typeChanged, Boolean allowStreaming)
   at System.Data.SqlClient.SqlParameter.GetCoercedValue()
   at System.Data.SqlClient.SqlParameter.Validate(Int32 index, Boolean isCommandProc)
   at System.Data.SqlClient.SqlCommand.BuildParamList(TdsParser parser, SqlParameterCollection parameters)
   at System.Data.SqlClient.SqlCommand.BuildExecuteSql(CommandBehavior behavior, String commandText, SqlParameterCollection parameters, _SqlRPC& rpc)
   at System.Data.SqlClient.SqlCommand.RunExecuteReaderTds(CommandBehavior cmdBehavior, RunBehavior runBehavior, Boolean returnStream, Boolean async, Int32 timeout, Task& task, Boolean asyncWrite, SqlDataReader ds)
   at System.Data.SqlClient.SqlCommand.RunExecuteReader(CommandBehavior cmdBehavior, RunBehavior runBehavior, Boolean returnStream, String method, TaskCompletionSource`1 completion, Int32 timeout, Task& task, Boolean asyncWrite)
   at System.Data.SqlClient.SqlCommand.InternalExecuteNonQuery(TaskCompletionSource`1 completion, String methodName, Boolean sendToPipe, Int32 timeout, Boolean asyncWrite)
   at System.Data.SqlClient.SqlCommand.ExecuteNonQuery()
   at NHibernate.AdoNet.AbstractBatcher.ExecuteNonQuery(IDbCommand cmd)
   at NHibernate.Hql.Ast.ANTLR.Exec.BasicExecutor.Execute(QueryParameters parameters, ISessionImplementor session)
   at NHibernate.Hql.Ast.ANTLR.QueryTranslatorImpl.ExecuteUpdate(QueryParameters queryParameters, ISessionImplementor session)
   at NHibernate.Engine.Query.HQLQueryPlan.PerformExecuteUpdate(QueryParameters queryParameters, ISessionImplementor session)
   at NHibernate.Impl.SessionImpl.ExecuteUpdate(String query, QueryParameters queryParameters)
   at NHibernate.Impl.QueryImpl.ExecuteUpdate()
   at QLSV.Core.Service.TaiKhoanService.XoaTaiKhoan() in D:\HocTap\Project_GoogleCode\QLSV\QLSV.Core\Service\TaiKhoanService.cs:line 160System.Object CoerceValue(System.Object, System.Data.SqlClient.MetaType, Boolean ByRef, Boolean ByRef, Boolean)System.FormatException: Input string was not in a correct format.
   at System.Number.StringToNumber(String str, NumberStyles options, NumberBuffer& number, NumberFormatInfo info, Boolean parseDecimal)
   at System.Number.ParseInt32(String s, NumberStyles style, NumberFormatInfo info)
   at System.String.System.IConvertible.ToInt32(IFormatProvider provider)
   at System.Convert.ChangeType(Object value, Type conversionType, IFormatProvider provider)
   at System.Data.SqlClient.SqlParameter.CoerceValue(Object value, MetaType destinationType, Boolean& coercedToDataFeed, Boolean& typeChanged, Boolean allowStreaming)
09:44:50 Failed to convert parameter value from a String to a Int32.
System.Data
   at System.Data.SqlClient.SqlParameter.CoerceValue(Object value, MetaType destinationType, Boolean& coercedToDataFeed, Boolean& typeChanged, Boolean allowStreaming)
   at System.Data.SqlClient.SqlParameter.GetCoercedValue()
   at System.Data.SqlClient.SqlParameter.Validate(Int32 index, Boolean isCommandProc)
   at System.Data.SqlClient.SqlCommand.BuildParamList(TdsParser parser, SqlParameterCollection parameters)
   at System.Data.SqlClient.SqlCommand.BuildExecuteSql(CommandBehavior behavior, String commandText, SqlParameterCollection parameters, _SqlRPC& rpc)
   at System.Data.SqlClient.SqlCommand.RunExecuteReaderTds(CommandBehavior cmdBehavior, RunBehavior runBehavior, Boolean returnStream, Boolean async, Int32 timeout, Task& task, Boolean asyncWrite, SqlDataReader ds)
   at System.Data.SqlClient.SqlCommand.RunExecuteReader(CommandBehavior cmdBehavior, RunBehavior runBehavior, Boolean returnStream, String method, TaskCompletionSource`1 completion, Int32 timeout, Task& task, Boolean asyncWrite)
   at System.Data.SqlClient.SqlCommand.InternalExecuteNonQuery(TaskCompletionSource`1 completion, String methodName, Boolean sendToPipe, Int32 timeout, Boolean asyncWrite)
   at System.Data.SqlClient.SqlCommand.ExecuteNonQuery()
   at NHibernate.AdoNet.AbstractBatcher.ExecuteNonQuery(IDbCommand cmd)
   at NHibernate.Hql.Ast.ANTLR.Exec.BasicExecutor.Execute(QueryParameters parameters, ISessionImplementor session)
   at NHibernate.Hql.Ast.ANTLR.QueryTranslatorImpl.ExecuteUpdate(QueryParameters queryParameters, ISessionImplementor session)
   at NHibernate.Engine.Query.HQLQueryPlan.PerformExecuteUpdate(QueryParameters queryParameters, ISessionImplementor session)
   at NHibernate.Impl.SessionImpl.ExecuteUpdate(String query, QueryParameters queryParameters)
   at NHibernate.Impl.QueryImpl.ExecuteUpdate()
   at QLSV.Core.Service.TaiKhoanService.XoaTaiKhoan() in D:\HocTap\Project_GoogleCode\QLSV\QLSV.Core\Service\TaiKhoanService.cs:line 160System.Object CoerceValue(System.Object, System.Data.SqlClient.MetaType, Boolean ByRef, Boolean ByRef, Boolean)System.FormatException: Input string was not in a correct format.
   at System.Number.StringToNumber(String str, NumberStyles options, NumberBuffer& number, NumberFormatInfo info, Boolean parseDecimal)
   at System.Number.ParseInt32(String s, NumberStyles style, NumberFormatInfo info)
   at System.String.System.IConvertible.ToInt32(IFormatProvider provider)
   at System.Convert.ChangeType(Object value, Type conversionType, IFormatProvider provider)
   at System.Data.SqlClient.SqlParameter.CoerceValue(Object value, MetaType destinationType, Boolean& coercedToDataFeed, Boolean& typeChanged, Boolean allowStreaming)
09:44:50 Failed to convert parameter value from a String to a Int32.
System.Data
   at System.Data.SqlClient.SqlParameter.CoerceValue(Object value, MetaType destinationType, Boolean& coercedToDataFeed, Boolean& typeChanged, Boolean allowStreaming)
   at System.Data.SqlClient.SqlParameter.GetCoercedValue()
   at System.Data.SqlClient.SqlParameter.Validate(Int32 index, Boolean isCommandProc)
   at System.Data.SqlClient.SqlCommand.BuildParamList(TdsParser parser, SqlParameterCollection parameters)
   at System.Data.SqlClient.SqlCommand.BuildExecuteSql(CommandBehavior behavior, String commandText, SqlParameterCollection parameters, _SqlRPC& rpc)
   at System.Data.SqlClient.SqlCommand.RunExecuteReaderTds(CommandBehavior cmdBehavior, RunBehavior runBehavior, Boolean returnStream, Boolean async, Int32 timeout, Task& task, Boolean asyncWrite, SqlDataReader ds)
   at System.Data.SqlClient.SqlCommand.RunExecuteReader(CommandBehavior cmdBehavior, RunBehavior runBehavior, Boolean returnStream, String method, TaskCompletionSource`1 completion, Int32 timeout, Task& task, Boolean asyncWrite)
   at System.Data.SqlClient.SqlCommand.InternalExecuteNonQuery(TaskCompletionSource`1 completion, String methodName, Boolean sendToPipe, Int32 timeout, Boolean asyncWrite)
   at System.Data.SqlClient.SqlCommand.ExecuteNonQuery()
   at NHibernate.AdoNet.AbstractBatcher.ExecuteNonQuery(IDbCommand cmd)
   at NHibernate.Hql.Ast.ANTLR.Exec.BasicExecutor.Execute(QueryParameters parameters, ISessionImplementor session)
   at NHibernate.Hql.Ast.ANTLR.QueryTranslatorImpl.ExecuteUpdate(QueryParameters queryParameters, ISessionImplementor session)
   at NHibernate.Engine.Query.HQLQueryPlan.PerformExecuteUpdate(QueryParameters queryParameters, ISessionImplementor session)
   at NHibernate.Impl.SessionImpl.ExecuteUpdate(String query, QueryParameters queryParameters)
   at NHibernate.Impl.QueryImpl.ExecuteUpdate()
   at QLSV.Core.Service.TaiKhoanService.XoaTaiKhoan() in D:\HocTap\Project_GoogleCode\QLSV\QLSV.Core\Service\TaiKhoanService.cs:line 160System.Object CoerceValue(System.Object, System.Data.SqlClient.MetaType, Boolean ByRef, Boolean ByRef, Boolean)System.FormatException: Input string was not in a correct format.
   at System.Number.StringToNumber(String str, NumberStyles options, NumberBuffer& number, NumberFormatInfo info, Boolean parseDecimal)
   at System.Number.ParseInt32(String s, NumberStyles style, NumberFormatInfo info)
   at System.String.System.IConvertible.ToInt32(IFormatProvider provider)
   at System.Convert.ChangeType(Object value, Type conversionType, IFormatProvider provider)
   at System.Data.SqlClient.SqlParameter.CoerceValue(Object value, MetaType destinationType, Boolean& coercedToDataFeed, Boolean& typeChanged, Boolean allowStreaming)
09:48:45 Failed to convert parameter value from a String to a Int32.
System.Data
   at System.Data.SqlClient.SqlParameter.CoerceValue(Object value, MetaType destinationType, Boolean& coercedToDataFeed, Boolean& typeChanged, Boolean allowStreaming)
   at System.Data.SqlClient.SqlParameter.GetCoercedValue()
   at System.Data.SqlClient.SqlParameter.Validate(Int32 index, Boolean isCommandProc)
   at System.Data.SqlClient.SqlCommand.BuildParamList(TdsParser parser, SqlParameterCollection parameters)
   at System.Data.SqlClient.SqlCommand.BuildExecuteSql(CommandBehavior behavior, String commandText, SqlParameterCollection parameters, _SqlRPC& rpc)
   at System.Data.SqlClient.SqlCommand.RunExecuteReaderTds(CommandBehavior cmdBehavior, RunBehavior runBehavior, Boolean returnStream, Boolean async, Int32 timeout, Task& task, Boolean asyncWrite, SqlDataReader ds)
   at System.Data.SqlClient.SqlCommand.RunExecuteReader(CommandBehavior cmdBehavior, RunBehavior runBehavior, Boolean returnStream, String method, TaskCompletionSource`1 completion, Int32 timeout, Task& task, Boolean asyncWrite)
   at System.Data.SqlClient.SqlCommand.InternalExecuteNonQuery(TaskCompletionSource`1 completion, String methodName, Boolean sendToPipe, Int32 timeout, Boolean asyncWrite)
   at System.Data.SqlClient.SqlCommand.ExecuteNonQuery()
   at NHibernate.AdoNet.AbstractBatcher.ExecuteNonQuery(IDbCommand cmd)
   at NHibernate.Hql.Ast.ANTLR.Exec.BasicExecutor.Execute(QueryParameters parameters, ISessionImplementor session)
   at NHibernate.Hql.Ast.ANTLR.QueryTranslatorImpl.ExecuteUpdate(QueryParameters queryParameters, ISessionImplementor session)
   at NHibernate.Engine.Query.HQLQueryPlan.PerformExecuteUpdate(QueryParameters queryParameters, ISessionImplementor session)
   at NHibernate.Impl.SessionImpl.ExecuteUpdate(String query, QueryParameters queryParameters)
   at NHibernate.Impl.QueryImpl.ExecuteUpdate()
   at QLSV.Core.Service.TaiKhoanService.XoaTaiKhoan() in D:\HocTap\Project_GoogleCode\QLSV\QLSV.Core\Service\TaiKhoanService.cs:line 160System.Object CoerceValue(System.Object, System.Data.SqlClient.MetaType, Boolean ByRef, Boolean ByRef, Boolean)System.FormatException: Input string was not in a correct format.
   at System.Number.StringToNumber(String str, NumberStyles options, NumberBuffer& number, NumberFormatInfo info, Boolean parseDecimal)
   at System.Number.ParseInt32(String s, NumberStyles style, NumberFormatInfo info)
   at System.String.System.IConvertible.ToInt32(IFormatProvider provider)
   at System.Convert.ChangeType(Object value, Type conversionType, IFormatProvider provider)
   at System.Data.SqlClient.SqlParameter.CoerceValue(Object value, MetaType destinationType, Boolean& coercedToDataFeed, Boolean& typeChanged, Boolean allowStreaming)
09:48:52 Failed to convert parameter value from a String to a Int32.
System.Data
   at System.Data.SqlClient.SqlParameter.CoerceValue(Object value, MetaType destinationType, Boolean& coercedToDataFeed, Boolean& typeChanged, Boolean allowStreaming)
   at System.Data.SqlClient.SqlParameter.GetCoercedValue()
   at System.Data.SqlClient.SqlParameter.Validate(Int32 index, Boolean isCommandProc)
   at System.Data.SqlClient.SqlCommand.BuildParamList(TdsParser parser, SqlParameterCollection parameters)
   at System.Data.SqlClient.SqlCommand.BuildExecuteSql(CommandBehavior behavior, String commandText, SqlParameterCollection parameters, _SqlRPC& rpc)
   at System.Data.SqlClient.SqlCommand.RunExecuteReaderTds(CommandBehavior cmdBehavior, RunBehavior runBehavior, Boolean returnStream, Boolean async, Int32 timeout, Task& task, Boolean asyncWrite, SqlDataReader ds)
   at System.Data.SqlClient.SqlCommand.RunExecuteReader(CommandBehavior cmdBehavior, RunBehavior runBehavior, Boolean returnStream, String method, TaskCompletionSource`1 completion, Int32 timeout, Task& task, Boolean asyncWrite)
   at System.Data.SqlClient.SqlCommand.InternalExecuteNonQuery(TaskCompletionSource`1 completion, String methodName, Boolean sendToPipe, Int32 timeout, Boolean asyncWrite)
   at System.Data.SqlClient.SqlCommand.ExecuteNonQuery()
   at NHibernate.AdoNet.AbstractBatcher.ExecuteNonQuery(IDbCommand cmd)
   at NHibernate.Hql.Ast.ANTLR.Exec.BasicExecutor.Execute(QueryParameters parameters, ISessionImplementor session)
   at NHibernate.Hql.Ast.ANTLR.QueryTranslatorImpl.ExecuteUpdate(QueryParameters queryParameters, ISessionImplementor session)
   at NHibernate.Engine.Query.HQLQueryPlan.PerformExecuteUpdate(QueryParameters queryParameters, ISessionImplementor session)
   at NHibernate.Impl.SessionImpl.ExecuteUpdate(String query, QueryParameters queryParameters)
   at NHibernate.Impl.QueryImpl.ExecuteUpdate()
   at QLSV.Core.Service.TaiKhoanService.XoaTaiKhoan() in D:\HocTap\Project_GoogleCode\QLSV\QLSV.Core\Service\TaiKhoanService.cs:line 160System.Object CoerceValue(System.Object, System.Data.SqlClient.MetaType, Boolean ByRef, Boolean ByRef, Boolean)System.FormatException: Input string was not in a correct format.
   at System.Number.StringToNumber(String str, NumberStyles options, NumberBuffer& number, NumberFormatInfo info, Boolean parseDecimal)
   at System.Number.ParseInt32(String s, NumberStyles style, NumberFormatInfo info)
   at System.String.System.IConvertible.ToInt32(IFormatProvider provider)
   at System.Convert.ChangeType(Object value, Type conversionType, IFormatProvider provider)
   at System.Data.SqlClient.SqlParameter.CoerceValue(Object value, MetaType destinationType, Boolean& coercedToDataFeed, Boolean& typeChanged, Boolean allowStreaming)
09:48:53 Failed to convert parameter value from a String to a Int32.
System.Data
   at System.Data.SqlClient.SqlParameter.CoerceValue(Object value, MetaType destinationType, Boolean& coercedToDataFeed, Boolean& typeChanged, Boolean allowStreaming)
   at System.Data.SqlClient.SqlParameter.GetCoercedValue()
   at System.Data.SqlClient.SqlParameter.Validate(Int32 index, Boolean isCommandProc)
   at System.Data.SqlClient.SqlCommand.BuildParamList(TdsParser parser, SqlParameterCollection parameters)
   at System.Data.SqlClient.SqlCommand.BuildExecuteSql(CommandBehavior behavior, String commandText, SqlParameterCollection parameters, _SqlRPC& rpc)
   at System.Data.SqlClient.SqlCommand.RunExecuteReaderTds(CommandBehavior cmdBehavior, RunBehavior runBehavior, Boolean returnStream, Boolean async, Int32 timeout, Task& task, Boolean asyncWrite, SqlDataReader ds)
   at System.Data.SqlClient.SqlCommand.RunExecuteReader(CommandBehavior cmdBehavior, RunBehavior runBehavior, Boolean returnStream, String method, TaskCompletionSource`1 completion, Int32 timeout, Task& task, Boolean asyncWrite)
   at System.Data.SqlClient.SqlCommand.InternalExecuteNonQuery(TaskCompletionSource`1 completion, String methodName, Boolean sendToPipe, Int32 timeout, Boolean asyncWrite)
   at System.Data.SqlClient.SqlCommand.ExecuteNonQuery()
   at NHibernate.AdoNet.AbstractBatcher.ExecuteNonQuery(IDbCommand cmd)
   at NHibernate.Hql.Ast.ANTLR.Exec.BasicExecutor.Execute(QueryParameters parameters, ISessionImplementor session)
   at NHibernate.Hql.Ast.ANTLR.QueryTranslatorImpl.ExecuteUpdate(QueryParameters queryParameters, ISessionImplementor session)
   at NHibernate.Engine.Query.HQLQueryPlan.PerformExecuteUpdate(QueryParameters queryParameters, ISessionImplementor session)
   at NHibernate.Impl.SessionImpl.ExecuteUpdate(String query, QueryParameters queryParameters)
   at NHibernate.Impl.QueryImpl.ExecuteUpdate()
   at QLSV.Core.Service.TaiKhoanService.XoaTaiKhoan() in D:\HocTap\Project_GoogleCode\QLSV\QLSV.Core\Service\TaiKhoanService.cs:line 160System.Object CoerceValue(System.Object, System.Data.SqlClient.MetaType, Boolean ByRef, Boolean ByRef, Boolean)System.FormatException: Input string was not in a correct format.
   at System.Number.StringToNumber(String str, NumberStyles options, NumberBuffer& number, NumberFormatInfo info, Boolean parseDecimal)
   at System.Number.ParseInt32(String s, NumberStyles style, NumberFormatInfo info)
   at System.String.System.IConvertible.ToInt32(IFormatProvider provider)
   at System.Convert.ChangeType(Object value, Type conversionType, IFormatProvider provider)
   at System.Data.SqlClient.SqlParameter.CoerceValue(Object value, MetaType destinationType, Boolean& coercedToDataFeed, Boolean& typeChanged, Boolean allowStreaming)
09:48:54 Failed to convert parameter value from a String to a Int32.
System.Data
   at System.Data.SqlClient.SqlParameter.CoerceValue(Object value, MetaType destinationType, Boolean& coercedToDataFeed, Boolean& typeChanged, Boolean allowStreaming)
   at System.Data.SqlClient.SqlParameter.GetCoercedValue()
   at System.Data.SqlClient.SqlParameter.Validate(Int32 index, Boolean isCommandProc)
   at System.Data.SqlClient.SqlCommand.BuildParamList(TdsParser parser, SqlParameterCollection parameters)
   at System.Data.SqlClient.SqlCommand.BuildExecuteSql(CommandBehavior behavior, String commandText, SqlParameterCollection parameters, _SqlRPC& rpc)
   at System.Data.SqlClient.SqlCommand.RunExecuteReaderTds(CommandBehavior cmdBehavior, RunBehavior runBehavior, Boolean returnStream, Boolean async, Int32 timeout, Task& task, Boolean asyncWrite, SqlDataReader ds)
   at System.Data.SqlClient.SqlCommand.RunExecuteReader(CommandBehavior cmdBehavior, RunBehavior runBehavior, Boolean returnStream, String method, TaskCompletionSource`1 completion, Int32 timeout, Task& task, Boolean asyncWrite)
   at System.Data.SqlClient.SqlCommand.InternalExecuteNonQuery(TaskCompletionSource`1 completion, String methodName, Boolean sendToPipe, Int32 timeout, Boolean asyncWrite)
   at System.Data.SqlClient.SqlCommand.ExecuteNonQuery()
   at NHibernate.AdoNet.AbstractBatcher.ExecuteNonQuery(IDbCommand cmd)
   at NHibernate.Hql.Ast.ANTLR.Exec.BasicExecutor.Execute(QueryParameters parameters, ISessionImplementor session)
   at NHibernate.Hql.Ast.ANTLR.QueryTranslatorImpl.ExecuteUpdate(QueryParameters queryParameters, ISessionImplementor session)
   at NHibernate.Engine.Query.HQLQueryPlan.PerformExecuteUpdate(QueryParameters queryParameters, ISessionImplementor session)
   at NHibernate.Impl.SessionImpl.ExecuteUpdate(String query, QueryParameters queryParameters)
   at NHibernate.Impl.QueryImpl.ExecuteUpdate()
   at QLSV.Core.Service.TaiKhoanService.XoaTaiKhoan() in D:\HocTap\Project_GoogleCode\QLSV\QLSV.Core\Service\TaiKhoanService.cs:line 160System.Object CoerceValue(System.Object, System.Data.SqlClient.MetaType, Boolean ByRef, Boolean ByRef, Boolean)System.FormatException: Input string was not in a correct format.
   at System.Number.StringToNumber(String str, NumberStyles options, NumberBuffer& number, NumberFormatInfo info, Boolean parseDecimal)
   at System.Number.ParseInt32(String s, NumberStyles style, NumberFormatInfo info)
   at System.String.System.IConvertible.ToInt32(IFormatProvider provider)
   at System.Convert.ChangeType(Object value, Type conversionType, IFormatProvider provider)
   at System.Data.SqlClient.SqlParameter.CoerceValue(Object value, MetaType destinationType, Boolean& coercedToDataFeed, Boolean& typeChanged, Boolean allowStreaming)
09:48:54 Failed to convert parameter value from a String to a Int32.
System.Data
   at System.Data.SqlClient.SqlParameter.CoerceValue(Object value, MetaType destinationType, Boolean& coercedToDataFeed, Boolean& typeChanged, Boolean allowStreaming)
   at System.Data.SqlClient.SqlParameter.GetCoercedValue()
   at System.Data.SqlClient.SqlParameter.Validate(Int32 index, Boolean isCommandProc)
   at System.Data.SqlClient.SqlCommand.BuildParamList(TdsParser parser, SqlParameterCollection parameters)
   at System.Data.SqlClient.SqlCommand.BuildExecuteSql(CommandBehavior behavior, String commandText, SqlParameterCollection parameters, _SqlRPC& rpc)
   at System.Data.SqlClient.SqlCommand.RunExecuteReaderTds(CommandBehavior cmdBehavior, RunBehavior runBehavior, Boolean returnStream, Boolean async, Int32 timeout, Task& task, Boolean asyncWrite, SqlDataReader ds)
   at System.Data.SqlClient.SqlCommand.RunExecuteReader(CommandBehavior cmdBehavior, RunBehavior runBehavior, Boolean returnStream, String method, TaskCompletionSource`1 completion, Int32 timeout, Task& task, Boolean asyncWrite)
   at System.Data.SqlClient.SqlCommand.InternalExecuteNonQuery(TaskCompletionSource`1 completion, String methodName, Boolean sendToPipe, Int32 timeout, Boolean asyncWrite)
   at System.Data.SqlClient.SqlCommand.ExecuteNonQuery()
   at NHibernate.AdoNet.AbstractBatcher.ExecuteNonQuery(IDbCommand cmd)
   at NHibernate.Hql.Ast.ANTLR.Exec.BasicExecutor.Execute(QueryParameters parameters, ISessionImplementor session)
   at NHibernate.Hql.Ast.ANTLR.QueryTranslatorImpl.ExecuteUpdate(QueryParameters queryParameters, ISessionImplementor session)
   at NHibernate.Engine.Query.HQLQueryPlan.PerformExecuteUpdate(QueryParameters queryParameters, ISessionImplementor session)
   at NHibernate.Impl.SessionImpl.ExecuteUpdate(String query, QueryParameters queryParameters)
   at NHibernate.Impl.QueryImpl.ExecuteUpdate()
   at QLSV.Core.Service.TaiKhoanService.XoaTaiKhoan() in D:\HocTap\Project_GoogleCode\QLSV\QLSV.Core\Service\TaiKhoanService.cs:line 160System.Object CoerceValue(System.Object, System.Data.SqlClient.MetaType, Boolean ByRef, Boolean ByRef, Boolean)System.FormatException: Input string was not in a correct format.
   at System.Number.StringToNumber(String str, NumberStyles options, NumberBuffer& number, NumberFormatInfo info, Boolean parseDecimal)
   at System.Number.ParseInt32(String s, NumberStyles style, NumberFormatInfo info)
   at System.String.System.IConvertible.ToInt32(IFormatProvider provider)
   at System.Convert.ChangeType(Object value, Type conversionType, IFormatProvider provider)
   at System.Data.SqlClient.SqlParameter.CoerceValue(Object value, MetaType destinationType, Boolean& coercedToDataFeed, Boolean& typeChanged, Boolean allowStreaming)
10:57:00 Index was out of range. Must be non-negative and less than the size of the collection.
Parameter name: index
mscorlib
   at System.ThrowHelper.ThrowArgumentOutOfRangeException()
   at System.Collections.Generic.List`1.get_Item(Int32 index)
   at QLSV.Frm.Frm.FrmDangNhap.Dangnhap() in D:\HocTap\Project_GoogleCode\QLSV\QLSV.Frm\Frm\FrmDangNhap.cs:line 69
   at QLSV.Frm.Frm.FrmDangNhap.txtDangNhap_KeyUp(Object sender, KeyEventArgs e) in D:\HocTap\Project_GoogleCode\QLSV\QLSV.Frm\Frm\FrmDangNhap.cs:line 36Void ThrowArgumentOutOfRangeException()
10:57:00 Index was out of range. Must be non-negative and less than the size of the collection.
Parameter name: index
mscorlib
   at System.ThrowHelper.ThrowArgumentOutOfRangeException()
   at System.Collections.Generic.List`1.get_Item(Int32 index)
   at QLSV.Frm.Frm.FrmDangNhap.Dangnhap() in D:\HocTap\Project_GoogleCode\QLSV\QLSV.Frm\Frm\FrmDangNhap.cs:line 69
   at QLSV.Frm.Frm.FrmDangNhap.txtDangNhap_KeyUp(Object sender, KeyEventArgs e) in D:\HocTap\Project_GoogleCode\QLSV\QLSV.Frm\Frm\FrmDangNhap.cs:line 36Void ThrowArgumentOutOfRangeException()
10:57:03 Index was out of range. Must be non-negative and less than the size of the collection.
Parameter name: index
mscorlib
   at System.ThrowHelper.ThrowArgumentOutOfRangeException()
   at System.Collections.Generic.List`1.get_Item(Int32 index)
   at QLSV.Frm.Frm.FrmDangNhap.Dangnhap() in D:\HocTap\Project_GoogleCode\QLSV\QLSV.Frm\Frm\FrmDangNhap.cs:line 69
   at QLSV.Frm.Frm.FrmDangNhap.txtDangNhap_KeyUp(Object sender, KeyEventArgs e) in D:\HocTap\Project_GoogleCode\QLSV\QLSV.Frm\Frm\FrmDangNhap.cs:line 36Void ThrowArgumentOutOfRangeException()
10:57:04 Index was out of range. Must be non-negative and less than the size of the collection.
Parameter name: index
mscorlib
   at System.ThrowHelper.ThrowArgumentOutOfRangeException()
   at System.Collections.Generic.List`1.get_Item(Int32 index)
   at QLSV.Frm.Frm.FrmDangNhap.Dangnhap() in D:\HocTap\Project_GoogleCode\QLSV\QLSV.Frm\Frm\FrmDangNhap.cs:line 69
   at QLSV.Frm.Frm.FrmDangNhap.txtDangNhap_KeyUp(Object sender, KeyEventArgs e) in D:\HocTap\Project_GoogleCode\QLSV\QLSV.Frm\Frm\FrmDangNhap.cs:line 36Void ThrowArgumentOutOfRangeException()
10:57:05 Index was out of range. Must be non-negative and less than the size of the collection.
Parameter name: index
mscorlib
   at System.ThrowHelper.ThrowArgumentOutOfRangeException()
   at System.Collections.Generic.List`1.get_Item(Int32 index)
   at QLSV.Frm.Frm.FrmDangNhap.Dangnhap() in D:\HocTap\Project_GoogleCode\QLSV\QLSV.Frm\Frm\FrmDangNhap.cs:line 69
   at QLSV.Frm.Frm.FrmDangNhap.txtDangNhap_KeyUp(Object sender, KeyEventArgs e) in D:\HocTap\Project_GoogleCode\QLSV\QLSV.Frm\Frm\FrmDangNhap.cs:line 36Void ThrowArgumentOutOfRangeException()
10:57:06 Index was out of range. Must be non-negative and less than the size of the collection.
Parameter name: index
mscorlib
   at System.ThrowHelper.ThrowArgumentOutOfRangeException()
   at System.Collections.Generic.List`1.get_Item(Int32 index)
   at QLSV.Frm.Frm.FrmDangNhap.Dangnhap() in D:\HocTap\Project_GoogleCode\QLSV\QLSV.Frm\Frm\FrmDangNhap.cs:line 69
   at QLSV.Frm.Frm.FrmDangNhap.txtDangNhap_KeyUp(Object sender, KeyEventArgs e) in D:\HocTap\Project_GoogleCode\QLSV\QLSV.Frm\Frm\FrmDangNhap.cs:line 36Void ThrowArgumentOutOfRangeException()
10:57:07 Index was out of range. Must be non-negative and less than the size of the collection.
Parameter name: index
mscorlib
   at System.ThrowHelper.ThrowArgumentOutOfRangeException()
   at System.Collections.Generic.List`1.get_Item(Int32 index)
   at QLSV.Frm.Frm.FrmDangNhap.Dangnhap() in D:\HocTap\Project_GoogleCode\QLSV\QLSV.Frm\Frm\FrmDangNhap.cs:line 69
   at QLSV.Frm.Frm.FrmDangNhap.txtDangNhap_KeyUp(Object sender, KeyEventArgs e) in D:\HocTap\Project_GoogleCode\QLSV\QLSV.Frm\Frm\FrmDangNhap.cs:line 36Void ThrowArgumentOutOfRangeException()
10:57:16 Index was out of range. Must be non-negative and less than the size of the collection.
Parameter name: index
mscorlib
   at System.ThrowHelper.ThrowArgumentOutOfRangeException()
   at System.Collections.Generic.List`1.get_Item(Int32 index)
   at QLSV.Frm.Frm.FrmDangNhap.Dangnhap() in D:\HocTap\Project_GoogleCode\QLSV\QLSV.Frm\Frm\FrmDangNhap.cs:line 69
   at QLSV.Frm.Frm.FrmDangNhap.txtDangNhap_KeyUp(Object sender, KeyEventArgs e) in D:\HocTap\Project_GoogleCode\QLSV\QLSV.Frm\Frm\FrmDangNhap.cs:line 36Void ThrowArgumentOutOfRangeException()
10:57:17 Index was out of range. Must be non-negative and less than the size of the collection.
Parameter name: index
mscorlib
   at System.ThrowHelper.ThrowArgumentOutOfRangeException()
   at System.Collections.Generic.List`1.get_Item(Int32 index)
   at QLSV.Frm.Frm.FrmDangNhap.Dangnhap() in D:\HocTap\Project_GoogleCode\QLSV\QLSV.Frm\Frm\FrmDangNhap.cs:line 69
   at QLSV.Frm.Frm.FrmDangNhap.txtDangNhap_KeyUp(Object sender, KeyEventArgs e) in D:\HocTap\Project_GoogleCode\QLSV\QLSV.Frm\Frm\FrmDangNhap.cs:line 36Void ThrowArgumentOutOfRangeException()
10:57:17 Index was out of range. Must be non-negative and less than the size of the collection.
Parameter name: index
mscorlib
   at System.ThrowHelper.ThrowArgumentOutOfRangeException()
   at System.Collections.Generic.List`1.get_Item(Int32 index)
   at QLSV.Frm.Frm.FrmDangNhap.Dangnhap() in D:\HocTap\Project_GoogleCode\QLSV\QLSV.Frm\Frm\FrmDangNhap.cs:line 69
   at QLSV.Frm.Frm.FrmDangNhap.txtDangNhap_KeyUp(Object sender, KeyEventArgs e) in D:\HocTap\Project_GoogleCode\QLSV\QLSV.Frm\Frm\FrmDangNhap.cs:line 36Void ThrowArgumentOutOfRangeException()
10:57:17 Index was out of range. Must be non-negative and less than the size of the collection.
Parameter name: index
mscorlib
   at System.ThrowHelper.ThrowArgumentOutOfRangeException()
   at System.Collections.Generic.List`1.get_Item(Int32 index)
   at QLSV.Frm.Frm.FrmDangNhap.Dangnhap() in D:\HocTap\Project_GoogleCode\QLSV\QLSV.Frm\Frm\FrmDangNhap.cs:line 69
   at QLSV.Frm.Frm.FrmDangNhap.txtDangNhap_KeyUp(Object sender, KeyEventArgs e) in D:\HocTap\Project_GoogleCode\QLSV\QLSV.Frm\Frm\FrmDangNhap.cs:line 36Void ThrowArgumentOutOfRangeException()
10:57:17 Index was out of range. Must be non-negative and less than the size of the collection.
Parameter name: index
mscorlib
   at System.ThrowHelper.ThrowArgumentOutOfRangeException()
   at System.Collections.Generic.List`1.get_Item(Int32 index)
   at QLSV.Frm.Frm.FrmDangNhap.Dangnhap() in D:\HocTap\Project_GoogleCode\QLSV\QLSV.Frm\Frm\FrmDangNhap.cs:line 69
   at QLSV.Frm.Frm.FrmDangNhap.txtDangNhap_KeyUp(Object sender, KeyEventArgs e) in D:\HocTap\Project_GoogleCode\QLSV\QLSV.Frm\Frm\FrmDangNhap.cs:line 36Void ThrowArgumentOutOfRangeException()
10:57:18 Index was out of range. Must be non-negative and less than the size of the collection.
Parameter name: index
mscorlib
   at System.ThrowHelper.ThrowArgumentOutOfRangeException()
   at System.Collections.Generic.List`1.get_Item(Int32 index)
   at QLSV.Frm.Frm.FrmDangNhap.Dangnhap() in D:\HocTap\Project_GoogleCode\QLSV\QLSV.Frm\Frm\FrmDangNhap.cs:line 69
   at QLSV.Frm.Frm.FrmDangNhap.txtDangNhap_KeyUp(Object sender, KeyEventArgs e) in D:\HocTap\Project_GoogleCode\QLSV\QLSV.Frm\Frm\FrmDangNhap.cs:line 36Void ThrowArgumentOutOfRangeException()
10:57:18 Index was out of range. Must be non-negative and less than the size of the collection.
Parameter name: index
mscorlib
   at System.ThrowHelper.ThrowArgumentOutOfRangeException()
   at System.Collections.Generic.List`1.get_Item(Int32 index)
   at QLSV.Frm.Frm.FrmDangNhap.Dangnhap() in D:\HocTap\Project_GoogleCode\QLSV\QLSV.Frm\Frm\FrmDangNhap.cs:line 69
   at QLSV.Frm.Frm.FrmDangNhap.txtDangNhap_KeyUp(Object sender, KeyEventArgs e) in D:\HocTap\Project_GoogleCode\QLSV\QLSV.Frm\Frm\FrmDangNhap.cs:line 36Void ThrowArgumentOutOfRangeException()
10:57:18 Index was out of range. Must be non-negative and less than the size of the collection.
Parameter name: index
mscorlib
   at System.ThrowHelper.ThrowArgumentOutOfRangeException()
   at System.Collections.Generic.List`1.get_Item(Int32 index)
   at QLSV.Frm.Frm.FrmDangNhap.Dangnhap() in D:\HocTap\Project_GoogleCode\QLSV\QLSV.Frm\Frm\FrmDangNhap.cs:line 69
   at QLSV.Frm.Frm.FrmDangNhap.txtDangNhap_KeyUp(Object sender, KeyEventArgs e) in D:\HocTap\Project_GoogleCode\QLSV\QLSV.Frm\Frm\FrmDangNhap.cs:line 36Void ThrowArgumentOutOfRangeException()
10:57:18 Index was out of range. Must be non-negative and less than the size of the collection.
Parameter name: index
mscorlib
   at System.ThrowHelper.ThrowArgumentOutOfRangeException()
   at System.Collections.Generic.List`1.get_Item(Int32 index)
   at QLSV.Frm.Frm.FrmDangNhap.Dangnhap() in D:\HocTap\Project_GoogleCode\QLSV\QLSV.Frm\Frm\FrmDangNhap.cs:line 69
   at QLSV.Frm.Frm.FrmDangNhap.txtDangNhap_KeyUp(Object sender, KeyEventArgs e) in D:\HocTap\Project_GoogleCode\QLSV\QLSV.Frm\Frm\FrmDangNhap.cs:line 36Void ThrowArgumentOutOfRangeException()
10:57:18 Index was out of range. Must be non-negative and less than the size of the collection.
Parameter name: index
mscorlib
   at System.ThrowHelper.ThrowArgumentOutOfRangeException()
   at System.Collections.Generic.List`1.get_Item(Int32 index)
   at QLSV.Frm.Frm.FrmDangNhap.Dangnhap() in D:\HocTap\Project_GoogleCode\QLSV\QLSV.Frm\Frm\FrmDangNhap.cs:line 69
   at QLSV.Frm.Frm.FrmDangNhap.txtDangNhap_KeyUp(Object sender, KeyEventArgs e) in D:\HocTap\Project_GoogleCode\QLSV\QLSV.Frm\Frm\FrmDangNhap.cs:line 36Void ThrowArgumentOutOfRangeException()
10:57:18 Index was out of range. Must be non-negative and less than the size of the collection.
Parameter name: index
mscorlib
   at System.ThrowHelper.ThrowArgumentOutOfRangeException()
   at System.Collections.Generic.List`1.get_Item(Int32 index)
   at QLSV.Frm.Frm.FrmDangNhap.Dangnhap() in D:\HocTap\Project_GoogleCode\QLSV\QLSV.Frm\Frm\FrmDangNhap.cs:line 69
   at QLSV.Frm.Frm.FrmDangNhap.txtDangNhap_KeyUp(Object sender, KeyEventArgs e) in D:\HocTap\Project_GoogleCode\QLSV\QLSV.Frm\Frm\FrmDangNhap.cs:line 36Void ThrowArgumentOutOfRangeException()
10:57:24 Index was out of range. Must be non-negative and less than the size of the collection.
Parameter name: index
mscorlib
   at System.ThrowHelper.ThrowArgumentOutOfRangeException()
   at System.Collections.Generic.List`1.get_Item(Int32 index)
   at QLSV.Frm.Frm.FrmDangNhap.Dangnhap() in D:\HocTap\Project_GoogleCode\QLSV\QLSV.Frm\Frm\FrmDangNhap.cs:line 69
   at QLSV.Frm.Frm.FrmDangNhap.txtDangNhap_KeyUp(Object sender, KeyEventArgs e) in D:\HocTap\Project_GoogleCode\QLSV\QLSV.Frm\Frm\FrmDangNhap.cs:line 36Void ThrowArgumentOutOfRangeException()
11:03:27 Index was out of range. Must be non-negative and less than the size of the collection.
Parameter name: index
mscorlib
   at System.ThrowHelper.ThrowArgumentOutOfRangeException()
   at System.Collections.Generic.List`1.get_Item(Int32 index)
   at QLSV.Frm.Frm.FrmDangNhap.Dangnhap() in D:\HocTap\Project_GoogleCode\QLSV\QLSV.Frm\Frm\FrmDangNhap.cs:line 70
   at QLSV.Frm.Frm.FrmDangNhap.txtDangNhap_KeyUp(Object sender, KeyEventArgs e) in D:\HocTap\Project_GoogleCode\QLSV\QLSV.Frm\Frm\FrmDangNhap.cs:line 36Void ThrowArgumentOutOfRangeException()
